[2025-04-04T10:18:48.707+0000] {taskinstance.py:1083} INFO - Dependencies all met for <TaskInstance: download_and_store_images.download_and_upload_images manual__2025-04-04T10:18:02.378278+00:00 [queued]>
[2025-04-04T10:18:48.861+0000] {taskinstance.py:1083} INFO - Dependencies all met for <TaskInstance: download_and_store_images.download_and_upload_images manual__2025-04-04T10:18:02.378278+00:00 [queued]>
[2025-04-04T10:18:48.862+0000] {taskinstance.py:1279} INFO - 
--------------------------------------------------------------------------------
[2025-04-04T10:18:48.864+0000] {taskinstance.py:1280} INFO - Starting attempt 1 of 2
[2025-04-04T10:18:48.865+0000] {taskinstance.py:1281} INFO - 
--------------------------------------------------------------------------------
[2025-04-04T10:18:48.979+0000] {taskinstance.py:1300} INFO - Executing <Task(PythonOperator): download_and_upload_images> on 2025-04-04 10:18:02.378278+00:00
[2025-04-04T10:18:49.053+0000] {standard_task_runner.py:55} INFO - Started process 58 to run task
[2025-04-04T10:18:49.124+0000] {standard_task_runner.py:82} INFO - Running: ['***', 'tasks', 'run', 'download_and_store_images', 'download_and_upload_images', 'manual__2025-04-04T10:18:02.378278+00:00', '--job-id', '777', '--raw', '--subdir', 'DAGS_FOLDER/dag_data_collect.py', '--cfg-path', '/tmp/tmppw4b_7ux']
[2025-04-04T10:18:49.135+0000] {standard_task_runner.py:83} INFO - Job 777: Subtask download_and_upload_images
[2025-04-04T10:18:49.390+0000] {warnings.py:110} WARNING - /home/***/.local/lib/python3.7/site-packages/***/settings.py:249: DeprecationWarning: The sql_alchemy_conn option in [core] has been moved to the sql_alchemy_conn option in [database] - the old setting has been used, but please update your config.
  SQL_ALCHEMY_CONN = conf.get("database", "SQL_ALCHEMY_CONN")

[2025-04-04T10:18:50.680+0000] {task_command.py:388} INFO - Running <TaskInstance: download_and_store_images.download_and_upload_images manual__2025-04-04T10:18:02.378278+00:00 [running]> on host 0df80d73d4ff
[2025-04-04T10:18:51.435+0000] {taskinstance.py:1509} INFO - Exporting the following env vars:
AIRFLOW_CTX_DAG_OWNER=***
AIRFLOW_CTX_DAG_ID=download_and_store_images
AIRFLOW_CTX_TASK_ID=download_and_upload_images
AIRFLOW_CTX_EXECUTION_DATE=2025-04-04T10:18:02.378278+00:00
AIRFLOW_CTX_TRY_NUMBER=1
AIRFLOW_CTX_DAG_RUN_ID=manual__2025-04-04T10:18:02.378278+00:00
[2025-04-04T10:18:51.807+0000] {base.py:73} INFO - Using connection ID 'minio_s3' for task execution.
[2025-04-04T10:18:51.811+0000] {connection_wrapper.py:334} INFO - AWS Connection (conn_id='minio_s3', conn_type='aws') credentials retrieved from login and password.
[2025-04-04T10:18:51.815+0000] {warnings.py:110} WARNING - /home/***/.local/lib/python3.7/site-packages/***/providers/amazon/aws/utils/connection_wrapper.py:8: DeprecationWarning: extra['host'] is deprecated and will be removed in a future release. Please set extra['endpoint_url'] instead
  #

[2025-04-04T10:19:00.742+0000] {base.py:73} INFO - Using connection ID 'minio_s3' for task execution.
[2025-04-04T10:19:00.761+0000] {connection_wrapper.py:334} INFO - AWS Connection (conn_id='minio_s3', conn_type='aws') credentials retrieved from login and password.
[2025-04-04T10:19:08.506+0000] {base.py:73} INFO - Using connection ID 'minio_s3' for task execution.
[2025-04-04T10:19:08.516+0000] {connection_wrapper.py:334} INFO - AWS Connection (conn_id='minio_s3', conn_type='aws') credentials retrieved from login and password.
[2025-04-04T10:19:11.022+0000] {base.py:73} INFO - Using connection ID 'minio_s3' for task execution.
[2025-04-04T10:19:11.032+0000] {connection_wrapper.py:334} INFO - AWS Connection (conn_id='minio_s3', conn_type='aws') credentials retrieved from login and password.
[2025-04-04T10:19:14.978+0000] {base.py:73} INFO - Using connection ID 'minio_s3' for task execution.
[2025-04-04T10:19:15.004+0000] {connection_wrapper.py:334} INFO - AWS Connection (conn_id='minio_s3', conn_type='aws') credentials retrieved from login and password.
[2025-04-04T10:19:18.131+0000] {base.py:73} INFO - Using connection ID 'minio_s3' for task execution.
[2025-04-04T10:19:18.156+0000] {connection_wrapper.py:334} INFO - AWS Connection (conn_id='minio_s3', conn_type='aws') credentials retrieved from login and password.
[2025-04-04T10:19:24.195+0000] {base.py:73} INFO - Using connection ID 'minio_s3' for task execution.
[2025-04-04T10:19:24.199+0000] {connection_wrapper.py:334} INFO - AWS Connection (conn_id='minio_s3', conn_type='aws') credentials retrieved from login and password.
[2025-04-04T10:19:26.774+0000] {base.py:73} INFO - Using connection ID 'minio_s3' for task execution.
[2025-04-04T10:19:26.778+0000] {connection_wrapper.py:334} INFO - AWS Connection (conn_id='minio_s3', conn_type='aws') credentials retrieved from login and password.
[2025-04-04T10:19:31.936+0000] {base.py:73} INFO - Using connection ID 'minio_s3' for task execution.
[2025-04-04T10:19:31.970+0000] {connection_wrapper.py:334} INFO - AWS Connection (conn_id='minio_s3', conn_type='aws') credentials retrieved from login and password.
[2025-04-04T10:19:44.670+0000] {base.py:73} INFO - Using connection ID 'minio_s3' for task execution.
[2025-04-04T10:19:44.709+0000] {connection_wrapper.py:334} INFO - AWS Connection (conn_id='minio_s3', conn_type='aws') credentials retrieved from login and password.
[2025-04-04T10:19:53.955+0000] {base.py:73} INFO - Using connection ID 'minio_s3' for task execution.
[2025-04-04T10:19:53.965+0000] {connection_wrapper.py:334} INFO - AWS Connection (conn_id='minio_s3', conn_type='aws') credentials retrieved from login and password.
[2025-04-04T10:20:00.458+0000] {base.py:73} INFO - Using connection ID 'minio_s3' for task execution.
[2025-04-04T10:20:00.546+0000] {connection_wrapper.py:334} INFO - AWS Connection (conn_id='minio_s3', conn_type='aws') credentials retrieved from login and password.
[2025-04-04T10:20:08.681+0000] {base.py:73} INFO - Using connection ID 'minio_s3' for task execution.
[2025-04-04T10:20:08.711+0000] {connection_wrapper.py:334} INFO - AWS Connection (conn_id='minio_s3', conn_type='aws') credentials retrieved from login and password.
[2025-04-04T10:20:21.274+0000] {base.py:73} INFO - Using connection ID 'minio_s3' for task execution.
[2025-04-04T10:20:21.336+0000] {connection_wrapper.py:334} INFO - AWS Connection (conn_id='minio_s3', conn_type='aws') credentials retrieved from login and password.
[2025-04-04T10:20:46.487+0000] {base.py:73} INFO - Using connection ID 'minio_s3' for task execution.
[2025-04-04T10:20:46.512+0000] {connection_wrapper.py:334} INFO - AWS Connection (conn_id='minio_s3', conn_type='aws') credentials retrieved from login and password.
[2025-04-04T10:21:03.523+0000] {base.py:73} INFO - Using connection ID 'minio_s3' for task execution.
[2025-04-04T10:21:03.588+0000] {connection_wrapper.py:334} INFO - AWS Connection (conn_id='minio_s3', conn_type='aws') credentials retrieved from login and password.
[2025-04-04T10:21:17.653+0000] {base.py:73} INFO - Using connection ID 'minio_s3' for task execution.
[2025-04-04T10:21:17.709+0000] {connection_wrapper.py:334} INFO - AWS Connection (conn_id='minio_s3', conn_type='aws') credentials retrieved from login and password.
[2025-04-04T10:21:24.273+0000] {base.py:73} INFO - Using connection ID 'minio_s3' for task execution.
[2025-04-04T10:21:24.283+0000] {connection_wrapper.py:334} INFO - AWS Connection (conn_id='minio_s3', conn_type='aws') credentials retrieved from login and password.
[2025-04-04T10:21:28.742+0000] {base.py:73} INFO - Using connection ID 'minio_s3' for task execution.
[2025-04-04T10:21:28.755+0000] {connection_wrapper.py:334} INFO - AWS Connection (conn_id='minio_s3', conn_type='aws') credentials retrieved from login and password.
[2025-04-04T10:21:36.313+0000] {base.py:73} INFO - Using connection ID 'minio_s3' for task execution.
[2025-04-04T10:21:36.319+0000] {connection_wrapper.py:334} INFO - AWS Connection (conn_id='minio_s3', conn_type='aws') credentials retrieved from login and password.
[2025-04-04T10:21:41.054+0000] {base.py:73} INFO - Using connection ID 'minio_s3' for task execution.
[2025-04-04T10:21:41.056+0000] {connection_wrapper.py:334} INFO - AWS Connection (conn_id='minio_s3', conn_type='aws') credentials retrieved from login and password.
[2025-04-04T10:21:43.314+0000] {base.py:73} INFO - Using connection ID 'minio_s3' for task execution.
[2025-04-04T10:21:43.324+0000] {connection_wrapper.py:334} INFO - AWS Connection (conn_id='minio_s3', conn_type='aws') credentials retrieved from login and password.
[2025-04-04T10:21:49.435+0000] {base.py:73} INFO - Using connection ID 'minio_s3' for task execution.
[2025-04-04T10:21:49.451+0000] {connection_wrapper.py:334} INFO - AWS Connection (conn_id='minio_s3', conn_type='aws') credentials retrieved from login and password.
[2025-04-04T10:21:54.090+0000] {base.py:73} INFO - Using connection ID 'minio_s3' for task execution.
[2025-04-04T10:21:54.099+0000] {connection_wrapper.py:334} INFO - AWS Connection (conn_id='minio_s3', conn_type='aws') credentials retrieved from login and password.
[2025-04-04T10:22:02.758+0000] {base.py:73} INFO - Using connection ID 'minio_s3' for task execution.
[2025-04-04T10:22:02.783+0000] {connection_wrapper.py:334} INFO - AWS Connection (conn_id='minio_s3', conn_type='aws') credentials retrieved from login and password.
[2025-04-04T10:22:08.344+0000] {base.py:73} INFO - Using connection ID 'minio_s3' for task execution.
[2025-04-04T10:22:08.379+0000] {connection_wrapper.py:334} INFO - AWS Connection (conn_id='minio_s3', conn_type='aws') credentials retrieved from login and password.
[2025-04-04T10:22:14.608+0000] {base.py:73} INFO - Using connection ID 'minio_s3' for task execution.
[2025-04-04T10:22:14.611+0000] {connection_wrapper.py:334} INFO - AWS Connection (conn_id='minio_s3', conn_type='aws') credentials retrieved from login and password.
[2025-04-04T10:22:21.150+0000] {base.py:73} INFO - Using connection ID 'minio_s3' for task execution.
[2025-04-04T10:22:21.153+0000] {connection_wrapper.py:334} INFO - AWS Connection (conn_id='minio_s3', conn_type='aws') credentials retrieved from login and password.
[2025-04-04T10:22:27.126+0000] {base.py:73} INFO - Using connection ID 'minio_s3' for task execution.
[2025-04-04T10:22:27.141+0000] {connection_wrapper.py:334} INFO - AWS Connection (conn_id='minio_s3', conn_type='aws') credentials retrieved from login and password.
[2025-04-04T10:22:35.735+0000] {base.py:73} INFO - Using connection ID 'minio_s3' for task execution.
[2025-04-04T10:22:35.742+0000] {connection_wrapper.py:334} INFO - AWS Connection (conn_id='minio_s3', conn_type='aws') credentials retrieved from login and password.
[2025-04-04T10:22:41.317+0000] {base.py:73} INFO - Using connection ID 'minio_s3' for task execution.
[2025-04-04T10:22:41.321+0000] {connection_wrapper.py:334} INFO - AWS Connection (conn_id='minio_s3', conn_type='aws') credentials retrieved from login and password.
[2025-04-04T10:22:46.153+0000] {base.py:73} INFO - Using connection ID 'minio_s3' for task execution.
[2025-04-04T10:22:46.157+0000] {connection_wrapper.py:334} INFO - AWS Connection (conn_id='minio_s3', conn_type='aws') credentials retrieved from login and password.
[2025-04-04T10:22:52.988+0000] {base.py:73} INFO - Using connection ID 'minio_s3' for task execution.
[2025-04-04T10:22:52.999+0000] {connection_wrapper.py:334} INFO - AWS Connection (conn_id='minio_s3', conn_type='aws') credentials retrieved from login and password.
[2025-04-04T10:22:58.073+0000] {base.py:73} INFO - Using connection ID 'minio_s3' for task execution.
[2025-04-04T10:22:58.103+0000] {connection_wrapper.py:334} INFO - AWS Connection (conn_id='minio_s3', conn_type='aws') credentials retrieved from login and password.
[2025-04-04T10:23:02.537+0000] {base.py:73} INFO - Using connection ID 'minio_s3' for task execution.
[2025-04-04T10:23:02.552+0000] {connection_wrapper.py:334} INFO - AWS Connection (conn_id='minio_s3', conn_type='aws') credentials retrieved from login and password.
[2025-04-04T10:23:09.283+0000] {base.py:73} INFO - Using connection ID 'minio_s3' for task execution.
[2025-04-04T10:23:09.316+0000] {connection_wrapper.py:334} INFO - AWS Connection (conn_id='minio_s3', conn_type='aws') credentials retrieved from login and password.
[2025-04-04T10:23:14.631+0000] {base.py:73} INFO - Using connection ID 'minio_s3' for task execution.
[2025-04-04T10:23:14.640+0000] {connection_wrapper.py:334} INFO - AWS Connection (conn_id='minio_s3', conn_type='aws') credentials retrieved from login and password.
[2025-04-04T10:23:24.145+0000] {base.py:73} INFO - Using connection ID 'minio_s3' for task execution.
[2025-04-04T10:23:24.163+0000] {connection_wrapper.py:334} INFO - AWS Connection (conn_id='minio_s3', conn_type='aws') credentials retrieved from login and password.
[2025-04-04T10:23:30.621+0000] {base.py:73} INFO - Using connection ID 'minio_s3' for task execution.
[2025-04-04T10:23:30.652+0000] {connection_wrapper.py:334} INFO - AWS Connection (conn_id='minio_s3', conn_type='aws') credentials retrieved from login and password.
[2025-04-04T10:23:37.829+0000] {base.py:73} INFO - Using connection ID 'minio_s3' for task execution.
[2025-04-04T10:23:37.852+0000] {connection_wrapper.py:334} INFO - AWS Connection (conn_id='minio_s3', conn_type='aws') credentials retrieved from login and password.
[2025-04-04T10:23:43.643+0000] {base.py:73} INFO - Using connection ID 'minio_s3' for task execution.
[2025-04-04T10:23:43.717+0000] {connection_wrapper.py:334} INFO - AWS Connection (conn_id='minio_s3', conn_type='aws') credentials retrieved from login and password.
[2025-04-04T10:23:49.571+0000] {base.py:73} INFO - Using connection ID 'minio_s3' for task execution.
[2025-04-04T10:23:49.578+0000] {connection_wrapper.py:334} INFO - AWS Connection (conn_id='minio_s3', conn_type='aws') credentials retrieved from login and password.
[2025-04-04T10:24:00.381+0000] {base.py:73} INFO - Using connection ID 'minio_s3' for task execution.
[2025-04-04T10:24:00.397+0000] {connection_wrapper.py:334} INFO - AWS Connection (conn_id='minio_s3', conn_type='aws') credentials retrieved from login and password.
[2025-04-04T10:24:07.117+0000] {base.py:73} INFO - Using connection ID 'minio_s3' for task execution.
[2025-04-04T10:24:07.291+0000] {connection_wrapper.py:334} INFO - AWS Connection (conn_id='minio_s3', conn_type='aws') credentials retrieved from login and password.
[2025-04-04T10:24:14.743+0000] {base.py:73} INFO - Using connection ID 'minio_s3' for task execution.
[2025-04-04T10:24:14.760+0000] {connection_wrapper.py:334} INFO - AWS Connection (conn_id='minio_s3', conn_type='aws') credentials retrieved from login and password.
[2025-04-04T10:24:25.020+0000] {base.py:73} INFO - Using connection ID 'minio_s3' for task execution.
[2025-04-04T10:24:25.057+0000] {connection_wrapper.py:334} INFO - AWS Connection (conn_id='minio_s3', conn_type='aws') credentials retrieved from login and password.
[2025-04-04T10:24:35.094+0000] {base.py:73} INFO - Using connection ID 'minio_s3' for task execution.
[2025-04-04T10:24:35.141+0000] {connection_wrapper.py:334} INFO - AWS Connection (conn_id='minio_s3', conn_type='aws') credentials retrieved from login and password.
[2025-04-04T10:24:52.155+0000] {base.py:73} INFO - Using connection ID 'minio_s3' for task execution.
[2025-04-04T10:24:52.174+0000] {connection_wrapper.py:334} INFO - AWS Connection (conn_id='minio_s3', conn_type='aws') credentials retrieved from login and password.
[2025-04-04T10:25:55.320+0000] {base_job.py:243} ERROR - LocalTaskJob heartbeat got an exception
Traceback (most recent call last):
  File "/home/airflow/.local/lib/python3.7/site-packages/sqlalchemy/engine/base.py", line 3361, in _wrap_pool_connect
    return fn()
  File "/home/airflow/.local/lib/python3.7/site-packages/sqlalchemy/pool/base.py", line 327, in connect
    return _ConnectionFairy._checkout(self)
  File "/home/airflow/.local/lib/python3.7/site-packages/sqlalchemy/pool/base.py", line 894, in _checkout
    fairy = _ConnectionRecord.checkout(pool)
  File "/home/airflow/.local/lib/python3.7/site-packages/sqlalchemy/pool/base.py", line 493, in checkout
    rec = pool._do_get()
  File "/home/airflow/.local/lib/python3.7/site-packages/sqlalchemy/pool/impl.py", line 256, in _do_get
    return self._create_connection()
  File "/home/airflow/.local/lib/python3.7/site-packages/sqlalchemy/pool/base.py", line 273, in _create_connection
    return _ConnectionRecord(self)
  File "/home/airflow/.local/lib/python3.7/site-packages/sqlalchemy/pool/base.py", line 388, in __init__
    self.__connect()
  File "/home/airflow/.local/lib/python3.7/site-packages/sqlalchemy/pool/base.py", line 691, in __connect
    pool.logger.debug("Error on connect(): %s", e)
  File "/home/airflow/.local/lib/python3.7/site-packages/sqlalchemy/util/langhelpers.py", line 72, in __exit__
    with_traceback=exc_tb,
  File "/home/airflow/.local/lib/python3.7/site-packages/sqlalchemy/util/compat.py", line 211, in raise_
    raise exception
  File "/home/airflow/.local/lib/python3.7/site-packages/sqlalchemy/pool/base.py", line 686, in __connect
    self.dbapi_connection = connection = pool._invoke_creator(self)
  File "/home/airflow/.local/lib/python3.7/site-packages/sqlalchemy/engine/create.py", line 578, in connect
    return dialect.connect(*cargs, **cparams)
  File "/home/airflow/.local/lib/python3.7/site-packages/sqlalchemy/engine/default.py", line 598, in connect
    return self.dbapi.connect(*cargs, **cparams)
  File "/home/airflow/.local/lib/python3.7/site-packages/psycopg2/__init__.py", line 122, in connect
    conn = _connect(dsn, connection_factory=connection_factory, **kwasync)
psycopg2.OperationalError: could not translate host name "postgres" to address: Temporary failure in name resolution


The above exception was the direct cause of the following exception:

Traceback (most recent call last):
  File "/home/airflow/.local/lib/python3.7/site-packages/airflow/jobs/base_job.py", line 215, in heartbeat
    session.merge(self)
  File "/home/airflow/.local/lib/python3.7/site-packages/sqlalchemy/orm/session.py", line 3057, in merge
    _resolve_conflict_map=_resolve_conflict_map,
  File "/home/airflow/.local/lib/python3.7/site-packages/sqlalchemy/orm/session.py", line 3135, in _merge
    options=options,
  File "/home/airflow/.local/lib/python3.7/site-packages/sqlalchemy/orm/session.py", line 2856, in get
    execution_options=execution_options,
  File "/home/airflow/.local/lib/python3.7/site-packages/sqlalchemy/orm/session.py", line 2974, in _get_impl
    load_options=load_options,
  File "/home/airflow/.local/lib/python3.7/site-packages/sqlalchemy/orm/loading.py", line 534, in load_on_pk_identity
    bind_arguments=bind_arguments,
  File "/home/airflow/.local/lib/python3.7/site-packages/sqlalchemy/orm/session.py", line 1713, in execute
    conn = self._connection_for_bind(bind)
  File "/home/airflow/.local/lib/python3.7/site-packages/sqlalchemy/orm/session.py", line 1553, in _connection_for_bind
    engine, execution_options
  File "/home/airflow/.local/lib/python3.7/site-packages/sqlalchemy/orm/session.py", line 747, in _connection_for_bind
    conn = bind.connect()
  File "/home/airflow/.local/lib/python3.7/site-packages/sqlalchemy/engine/base.py", line 3315, in connect
    return self._connection_cls(self, close_with_result=close_with_result)
  File "/home/airflow/.local/lib/python3.7/site-packages/sqlalchemy/engine/base.py", line 96, in __init__
    else engine.raw_connection()
  File "/home/airflow/.local/lib/python3.7/site-packages/sqlalchemy/engine/base.py", line 3394, in raw_connection
    return self._wrap_pool_connect(self.pool.connect, _connection)
  File "/home/airflow/.local/lib/python3.7/site-packages/sqlalchemy/engine/base.py", line 3365, in _wrap_pool_connect
    e, dialect, self
  File "/home/airflow/.local/lib/python3.7/site-packages/sqlalchemy/engine/base.py", line 2199, in _handle_dbapi_exception_noconnection
    sqlalchemy_exception, with_traceback=exc_info[2], from_=e
  File "/home/airflow/.local/lib/python3.7/site-packages/sqlalchemy/util/compat.py", line 211, in raise_
    raise exception
  File "/home/airflow/.local/lib/python3.7/site-packages/sqlalchemy/engine/base.py", line 3361, in _wrap_pool_connect
    return fn()
  File "/home/airflow/.local/lib/python3.7/site-packages/sqlalchemy/pool/base.py", line 327, in connect
    return _ConnectionFairy._checkout(self)
  File "/home/airflow/.local/lib/python3.7/site-packages/sqlalchemy/pool/base.py", line 894, in _checkout
    fairy = _ConnectionRecord.checkout(pool)
  File "/home/airflow/.local/lib/python3.7/site-packages/sqlalchemy/pool/base.py", line 493, in checkout
    rec = pool._do_get()
  File "/home/airflow/.local/lib/python3.7/site-packages/sqlalchemy/pool/impl.py", line 256, in _do_get
    return self._create_connection()
  File "/home/airflow/.local/lib/python3.7/site-packages/sqlalchemy/pool/base.py", line 273, in _create_connection
    return _ConnectionRecord(self)
  File "/home/airflow/.local/lib/python3.7/site-packages/sqlalchemy/pool/base.py", line 388, in __init__
    self.__connect()
  File "/home/airflow/.local/lib/python3.7/site-packages/sqlalchemy/pool/base.py", line 691, in __connect
    pool.logger.debug("Error on connect(): %s", e)
  File "/home/airflow/.local/lib/python3.7/site-packages/sqlalchemy/util/langhelpers.py", line 72, in __exit__
    with_traceback=exc_tb,
  File "/home/airflow/.local/lib/python3.7/site-packages/sqlalchemy/util/compat.py", line 211, in raise_
    raise exception
  File "/home/airflow/.local/lib/python3.7/site-packages/sqlalchemy/pool/base.py", line 686, in __connect
    self.dbapi_connection = connection = pool._invoke_creator(self)
  File "/home/airflow/.local/lib/python3.7/site-packages/sqlalchemy/engine/create.py", line 578, in connect
    return dialect.connect(*cargs, **cparams)
  File "/home/airflow/.local/lib/python3.7/site-packages/sqlalchemy/engine/default.py", line 598, in connect
    return self.dbapi.connect(*cargs, **cparams)
  File "/home/airflow/.local/lib/python3.7/site-packages/psycopg2/__init__.py", line 122, in connect
    conn = _connect(dsn, connection_factory=connection_factory, **kwasync)
sqlalchemy.exc.OperationalError: (psycopg2.OperationalError) could not translate host name "postgres" to address: Temporary failure in name resolution

(Background on this error at: https://sqlalche.me/e/14/e3q8)
[2025-04-04T10:26:45.555+0000] {base.py:73} INFO - Using connection ID 'minio_s3' for task execution.
[2025-04-04T10:26:45.566+0000] {connection_wrapper.py:334} INFO - AWS Connection (conn_id='minio_s3', conn_type='aws') credentials retrieved from login and password.
[2025-04-04T10:27:02.191+0000] {base.py:73} INFO - Using connection ID 'minio_s3' for task execution.
[2025-04-04T10:27:02.195+0000] {connection_wrapper.py:334} INFO - AWS Connection (conn_id='minio_s3', conn_type='aws') credentials retrieved from login and password.
[2025-04-04T10:27:13.464+0000] {base.py:73} INFO - Using connection ID 'minio_s3' for task execution.
[2025-04-04T10:27:13.468+0000] {connection_wrapper.py:334} INFO - AWS Connection (conn_id='minio_s3', conn_type='aws') credentials retrieved from login and password.
[2025-04-04T10:27:29.586+0000] {base.py:73} INFO - Using connection ID 'minio_s3' for task execution.
[2025-04-04T10:27:29.608+0000] {connection_wrapper.py:334} INFO - AWS Connection (conn_id='minio_s3', conn_type='aws') credentials retrieved from login and password.
[2025-04-04T10:27:41.145+0000] {base.py:73} INFO - Using connection ID 'minio_s3' for task execution.
[2025-04-04T10:27:41.203+0000] {connection_wrapper.py:334} INFO - AWS Connection (conn_id='minio_s3', conn_type='aws') credentials retrieved from login and password.
[2025-04-04T10:27:55.473+0000] {base.py:73} INFO - Using connection ID 'minio_s3' for task execution.
[2025-04-04T10:27:55.513+0000] {connection_wrapper.py:334} INFO - AWS Connection (conn_id='minio_s3', conn_type='aws') credentials retrieved from login and password.
[2025-04-04T10:28:08.090+0000] {base.py:73} INFO - Using connection ID 'minio_s3' for task execution.
[2025-04-04T10:28:08.124+0000] {connection_wrapper.py:334} INFO - AWS Connection (conn_id='minio_s3', conn_type='aws') credentials retrieved from login and password.
[2025-04-04T10:28:23.278+0000] {base.py:73} INFO - Using connection ID 'minio_s3' for task execution.
[2025-04-04T10:28:23.282+0000] {connection_wrapper.py:334} INFO - AWS Connection (conn_id='minio_s3', conn_type='aws') credentials retrieved from login and password.
[2025-04-04T10:28:37.571+0000] {base.py:73} INFO - Using connection ID 'minio_s3' for task execution.
[2025-04-04T10:28:37.609+0000] {connection_wrapper.py:334} INFO - AWS Connection (conn_id='minio_s3', conn_type='aws') credentials retrieved from login and password.
[2025-04-04T10:30:58.324+0000] {base.py:73} INFO - Using connection ID 'minio_s3' for task execution.
[2025-04-04T10:30:58.466+0000] {connection_wrapper.py:334} INFO - AWS Connection (conn_id='minio_s3', conn_type='aws') credentials retrieved from login and password.
[2025-04-04T10:31:26.594+0000] {base.py:73} INFO - Using connection ID 'minio_s3' for task execution.
[2025-04-04T10:31:26.614+0000] {connection_wrapper.py:334} INFO - AWS Connection (conn_id='minio_s3', conn_type='aws') credentials retrieved from login and password.
[2025-04-04T10:31:56.161+0000] {base.py:73} INFO - Using connection ID 'minio_s3' for task execution.
[2025-04-04T10:31:56.172+0000] {connection_wrapper.py:334} INFO - AWS Connection (conn_id='minio_s3', conn_type='aws') credentials retrieved from login and password.
[2025-04-04T10:34:25.388+0000] {taskinstance.py:1768} ERROR - Task failed with exception
Traceback (most recent call last):
  File "/home/airflow/.local/lib/python3.7/site-packages/boto3/s3/transfer.py", line 292, in upload_file
    future.result()
  File "/home/airflow/.local/lib/python3.7/site-packages/s3transfer/futures.py", line 103, in result
    return self._coordinator.result()
  File "/home/airflow/.local/lib/python3.7/site-packages/s3transfer/futures.py", line 266, in result
    raise self._exception
  File "/home/airflow/.local/lib/python3.7/site-packages/s3transfer/tasks.py", line 139, in __call__
    return self._execute_main(kwargs)
  File "/home/airflow/.local/lib/python3.7/site-packages/s3transfer/tasks.py", line 162, in _execute_main
    return_value = self._main(**kwargs)
  File "/home/airflow/.local/lib/python3.7/site-packages/s3transfer/upload.py", line 758, in _main
    client.put_object(Bucket=bucket, Key=key, Body=body, **extra_args)
  File "/home/airflow/.local/lib/python3.7/site-packages/botocore/client.py", line 530, in _api_call
    return self._make_api_call(operation_name, kwargs)
  File "/home/airflow/.local/lib/python3.7/site-packages/botocore/client.py", line 960, in _make_api_call
    raise error_class(parsed_response, operation_name)
botocore.exceptions.ClientError: An error occurred (SlowDownWrite) when calling the PutObject operation (reached max retries: 4): Resource requested is unwritable, please reduce your request rate

During handling of the above exception, another exception occurred:

Traceback (most recent call last):
  File "/home/airflow/.local/lib/python3.7/site-packages/airflow/operators/python.py", line 175, in execute
    return_value = self.execute_callable()
  File "/home/airflow/.local/lib/python3.7/site-packages/airflow/operators/python.py", line 192, in execute_callable
    return self.python_callable(*self.op_args, **self.op_kwargs)
  File "/opt/airflow/dags/dag_data_collect.py", line 89, in download_and_upload_images
    upload_to_minio(local_path, new_image_name)
  File "/opt/airflow/dags/dag_data_collect.py", line 40, in upload_to_minio
    bucket_name=bucket_name, replace=True)
  File "/home/airflow/.local/lib/python3.7/site-packages/airflow/providers/amazon/aws/hooks/s3.py", line 99, in wrapper
    return func(*bound_args.args, **bound_args.kwargs)
  File "/home/airflow/.local/lib/python3.7/site-packages/airflow/providers/amazon/aws/hooks/s3.py", line 70, in wrapper
    return func(*bound_args.args, **bound_args.kwargs)
  File "/home/airflow/.local/lib/python3.7/site-packages/airflow/providers/amazon/aws/hooks/s3.py", line 646, in load_file
    client.upload_file(filename, bucket_name, key, ExtraArgs=extra_args, Config=self.transfer_config)
  File "/home/airflow/.local/lib/python3.7/site-packages/boto3/s3/inject.py", line 148, in upload_file
    callback=Callback,
  File "/home/airflow/.local/lib/python3.7/site-packages/boto3/s3/transfer.py", line 300, in upload_file
    filename, '/'.join([bucket, key]), e
boto3.exceptions.S3UploadFailedError: Failed to upload /tmp/dandelion_00000032.jpg to images-bucket/dandelion_00000032.jpg: An error occurred (SlowDownWrite) when calling the PutObject operation (reached max retries: 4): Resource requested is unwritable, please reduce your request rate
[2025-04-04T10:34:29.803+0000] {taskinstance.py:1323} INFO - Marking task as UP_FOR_RETRY. dag_id=download_and_store_images, task_id=download_and_upload_images, execution_date=20250404T101802, start_date=20250404T101848, end_date=20250404T103429
[2025-04-04T10:34:33.696+0000] {standard_task_runner.py:105} ERROR - Failed to execute job 777 for task download_and_upload_images (Failed to upload /tmp/dandelion_00000032.jpg to images-bucket/dandelion_00000032.jpg: An error occurred (SlowDownWrite) when calling the PutObject operation (reached max retries: 4): Resource requested is unwritable, please reduce your request rate; 58)
[2025-04-04T10:34:34.033+0000] {local_task_job.py:208} INFO - Task exited with return code 1
[2025-04-04T10:34:37.467+0000] {taskinstance.py:2578} INFO - 0 downstream tasks scheduled from follow-on schedule check
