[2025-04-04T09:22:47.386+0000] {taskinstance.py:1083} INFO - Dependencies all met for <TaskInstance: download_and_store_images.download_and_upload_images scheduled__2024-01-12T00:00:00+00:00 [queued]>
[2025-04-04T09:22:47.477+0000] {taskinstance.py:1083} INFO - Dependencies all met for <TaskInstance: download_and_store_images.download_and_upload_images scheduled__2024-01-12T00:00:00+00:00 [queued]>
[2025-04-04T09:22:47.477+0000] {taskinstance.py:1279} INFO - 
--------------------------------------------------------------------------------
[2025-04-04T09:22:47.479+0000] {taskinstance.py:1280} INFO - Starting attempt 2 of 2
[2025-04-04T09:22:47.492+0000] {taskinstance.py:1281} INFO - 
--------------------------------------------------------------------------------
[2025-04-04T09:22:47.954+0000] {taskinstance.py:1300} INFO - Executing <Task(PythonOperator): download_and_upload_images> on 2024-01-12 00:00:00+00:00
[2025-04-04T09:22:47.992+0000] {standard_task_runner.py:55} INFO - Started process 1771 to run task
[2025-04-04T09:22:48.056+0000] {standard_task_runner.py:82} INFO - Running: ['***', 'tasks', 'run', 'download_and_store_images', 'download_and_upload_images', 'scheduled__2024-01-12T00:00:00+00:00', '--job-id', '770', '--raw', '--subdir', 'DAGS_FOLDER/dag_data_collect.py', '--cfg-path', '/tmp/tmpl8oz01la']
[2025-04-04T09:22:48.065+0000] {standard_task_runner.py:83} INFO - Job 770: Subtask download_and_upload_images
[2025-04-04T09:22:48.197+0000] {warnings.py:110} WARNING - /home/***/.local/lib/python3.7/site-packages/***/settings.py:249: DeprecationWarning: The sql_alchemy_conn option in [core] has been moved to the sql_alchemy_conn option in [database] - the old setting has been used, but please update your config.
  SQL_ALCHEMY_CONN = conf.get("database", "SQL_ALCHEMY_CONN")

[2025-04-04T09:22:48.318+0000] {warnings.py:110} WARNING - /home/***/.local/lib/python3.7/site-packages/***/utils/sqlalchemy.py:124: DeprecationWarning: The sql_alchemy_conn option in [core] has been moved to the sql_alchemy_conn option in [database] - the old setting has been used, but please update your config.
  return not conf.get("database", "sql_alchemy_conn").startswith("mssql")

[2025-04-04T09:22:48.486+0000] {task_command.py:388} INFO - Running <TaskInstance: download_and_store_images.download_and_upload_images scheduled__2024-01-12T00:00:00+00:00 [running]> on host 91a2461e5846
[2025-04-04T09:22:48.918+0000] {taskinstance.py:1509} INFO - Exporting the following env vars:
AIRFLOW_CTX_DAG_OWNER=***
AIRFLOW_CTX_DAG_ID=download_and_store_images
AIRFLOW_CTX_TASK_ID=download_and_upload_images
AIRFLOW_CTX_EXECUTION_DATE=2024-01-12T00:00:00+00:00
AIRFLOW_CTX_TRY_NUMBER=2
AIRFLOW_CTX_DAG_RUN_ID=scheduled__2024-01-12T00:00:00+00:00
[2025-04-04T09:22:49.544+0000] {base.py:73} INFO - Using connection ID 'minio_s3' for task execution.
[2025-04-04T09:22:49.569+0000] {connection_wrapper.py:334} INFO - AWS Connection (conn_id='minio_s3', conn_type='aws') credentials retrieved from login and password.
[2025-04-04T09:22:49.624+0000] {warnings.py:110} WARNING - /home/***/.local/lib/python3.7/site-packages/***/providers/amazon/aws/utils/connection_wrapper.py:8: DeprecationWarning: extra['host'] is deprecated and will be removed in a future release. Please set extra['endpoint_url'] instead
  #

[2025-04-04T09:25:56.103+0000] {base_job.py:243} ERROR - LocalTaskJob heartbeat got an exception
Traceback (most recent call last):
  File "/home/airflow/.local/lib/python3.7/site-packages/sqlalchemy/engine/base.py", line 3361, in _wrap_pool_connect
    return fn()
  File "/home/airflow/.local/lib/python3.7/site-packages/sqlalchemy/pool/base.py", line 327, in connect
    return _ConnectionFairy._checkout(self)
  File "/home/airflow/.local/lib/python3.7/site-packages/sqlalchemy/pool/base.py", line 894, in _checkout
    fairy = _ConnectionRecord.checkout(pool)
  File "/home/airflow/.local/lib/python3.7/site-packages/sqlalchemy/pool/base.py", line 493, in checkout
    rec = pool._do_get()
  File "/home/airflow/.local/lib/python3.7/site-packages/sqlalchemy/pool/impl.py", line 256, in _do_get
    return self._create_connection()
  File "/home/airflow/.local/lib/python3.7/site-packages/sqlalchemy/pool/base.py", line 273, in _create_connection
    return _ConnectionRecord(self)
  File "/home/airflow/.local/lib/python3.7/site-packages/sqlalchemy/pool/base.py", line 388, in __init__
    self.__connect()
  File "/home/airflow/.local/lib/python3.7/site-packages/sqlalchemy/pool/base.py", line 691, in __connect
    pool.logger.debug("Error on connect(): %s", e)
  File "/home/airflow/.local/lib/python3.7/site-packages/sqlalchemy/util/langhelpers.py", line 72, in __exit__
    with_traceback=exc_tb,
  File "/home/airflow/.local/lib/python3.7/site-packages/sqlalchemy/util/compat.py", line 211, in raise_
    raise exception
  File "/home/airflow/.local/lib/python3.7/site-packages/sqlalchemy/pool/base.py", line 686, in __connect
    self.dbapi_connection = connection = pool._invoke_creator(self)
  File "/home/airflow/.local/lib/python3.7/site-packages/sqlalchemy/engine/create.py", line 578, in connect
    return dialect.connect(*cargs, **cparams)
  File "/home/airflow/.local/lib/python3.7/site-packages/sqlalchemy/engine/default.py", line 598, in connect
    return self.dbapi.connect(*cargs, **cparams)
  File "/home/airflow/.local/lib/python3.7/site-packages/psycopg2/__init__.py", line 122, in connect
    conn = _connect(dsn, connection_factory=connection_factory, **kwasync)
psycopg2.OperationalError: could not translate host name "postgres" to address: Temporary failure in name resolution


The above exception was the direct cause of the following exception:

Traceback (most recent call last):
  File "/home/airflow/.local/lib/python3.7/site-packages/airflow/jobs/base_job.py", line 233, in heartbeat
    session.merge(self)
  File "/home/airflow/.local/lib/python3.7/site-packages/sqlalchemy/orm/session.py", line 3057, in merge
    _resolve_conflict_map=_resolve_conflict_map,
  File "/home/airflow/.local/lib/python3.7/site-packages/sqlalchemy/orm/session.py", line 3135, in _merge
    options=options,
  File "/home/airflow/.local/lib/python3.7/site-packages/sqlalchemy/orm/session.py", line 2856, in get
    execution_options=execution_options,
  File "/home/airflow/.local/lib/python3.7/site-packages/sqlalchemy/orm/session.py", line 2974, in _get_impl
    load_options=load_options,
  File "/home/airflow/.local/lib/python3.7/site-packages/sqlalchemy/orm/loading.py", line 534, in load_on_pk_identity
    bind_arguments=bind_arguments,
  File "/home/airflow/.local/lib/python3.7/site-packages/sqlalchemy/orm/session.py", line 1713, in execute
    conn = self._connection_for_bind(bind)
  File "/home/airflow/.local/lib/python3.7/site-packages/sqlalchemy/orm/session.py", line 1553, in _connection_for_bind
    engine, execution_options
  File "/home/airflow/.local/lib/python3.7/site-packages/sqlalchemy/orm/session.py", line 747, in _connection_for_bind
    conn = bind.connect()
  File "/home/airflow/.local/lib/python3.7/site-packages/sqlalchemy/engine/base.py", line 3315, in connect
    return self._connection_cls(self, close_with_result=close_with_result)
  File "/home/airflow/.local/lib/python3.7/site-packages/sqlalchemy/engine/base.py", line 96, in __init__
    else engine.raw_connection()
  File "/home/airflow/.local/lib/python3.7/site-packages/sqlalchemy/engine/base.py", line 3394, in raw_connection
    return self._wrap_pool_connect(self.pool.connect, _connection)
  File "/home/airflow/.local/lib/python3.7/site-packages/sqlalchemy/engine/base.py", line 3365, in _wrap_pool_connect
    e, dialect, self
  File "/home/airflow/.local/lib/python3.7/site-packages/sqlalchemy/engine/base.py", line 2199, in _handle_dbapi_exception_noconnection
    sqlalchemy_exception, with_traceback=exc_info[2], from_=e
  File "/home/airflow/.local/lib/python3.7/site-packages/sqlalchemy/util/compat.py", line 211, in raise_
    raise exception
  File "/home/airflow/.local/lib/python3.7/site-packages/sqlalchemy/engine/base.py", line 3361, in _wrap_pool_connect
    return fn()
  File "/home/airflow/.local/lib/python3.7/site-packages/sqlalchemy/pool/base.py", line 327, in connect
    return _ConnectionFairy._checkout(self)
  File "/home/airflow/.local/lib/python3.7/site-packages/sqlalchemy/pool/base.py", line 894, in _checkout
    fairy = _ConnectionRecord.checkout(pool)
  File "/home/airflow/.local/lib/python3.7/site-packages/sqlalchemy/pool/base.py", line 493, in checkout
    rec = pool._do_get()
  File "/home/airflow/.local/lib/python3.7/site-packages/sqlalchemy/pool/impl.py", line 256, in _do_get
    return self._create_connection()
  File "/home/airflow/.local/lib/python3.7/site-packages/sqlalchemy/pool/base.py", line 273, in _create_connection
    return _ConnectionRecord(self)
  File "/home/airflow/.local/lib/python3.7/site-packages/sqlalchemy/pool/base.py", line 388, in __init__
    self.__connect()
  File "/home/airflow/.local/lib/python3.7/site-packages/sqlalchemy/pool/base.py", line 691, in __connect
    pool.logger.debug("Error on connect(): %s", e)
  File "/home/airflow/.local/lib/python3.7/site-packages/sqlalchemy/util/langhelpers.py", line 72, in __exit__
    with_traceback=exc_tb,
  File "/home/airflow/.local/lib/python3.7/site-packages/sqlalchemy/util/compat.py", line 211, in raise_
    raise exception
  File "/home/airflow/.local/lib/python3.7/site-packages/sqlalchemy/pool/base.py", line 686, in __connect
    self.dbapi_connection = connection = pool._invoke_creator(self)
  File "/home/airflow/.local/lib/python3.7/site-packages/sqlalchemy/engine/create.py", line 578, in connect
    return dialect.connect(*cargs, **cparams)
  File "/home/airflow/.local/lib/python3.7/site-packages/sqlalchemy/engine/default.py", line 598, in connect
    return self.dbapi.connect(*cargs, **cparams)
  File "/home/airflow/.local/lib/python3.7/site-packages/psycopg2/__init__.py", line 122, in connect
    conn = _connect(dsn, connection_factory=connection_factory, **kwasync)
sqlalchemy.exc.OperationalError: (psycopg2.OperationalError) could not translate host name "postgres" to address: Temporary failure in name resolution

(Background on this error at: https://sqlalche.me/e/14/e3q8)
[2025-04-04T09:26:39.839+0000] {base.py:73} INFO - Using connection ID 'minio_s3' for task execution.
[2025-04-04T09:26:39.855+0000] {connection_wrapper.py:334} INFO - AWS Connection (conn_id='minio_s3', conn_type='aws') credentials retrieved from login and password.
[2025-04-04T09:27:06.422+0000] {base.py:73} INFO - Using connection ID 'minio_s3' for task execution.
[2025-04-04T09:27:06.476+0000] {connection_wrapper.py:334} INFO - AWS Connection (conn_id='minio_s3', conn_type='aws') credentials retrieved from login and password.
[2025-04-04T09:27:18.819+0000] {base.py:73} INFO - Using connection ID 'minio_s3' for task execution.
[2025-04-04T09:27:18.834+0000] {connection_wrapper.py:334} INFO - AWS Connection (conn_id='minio_s3', conn_type='aws') credentials retrieved from login and password.
[2025-04-04T09:30:14.198+0000] {local_task_job.py:112} ERROR - Received SIGTERM. Terminating subprocesses
[2025-04-04T09:30:15.143+0000] {process_utils.py:133} INFO - Sending Signals.SIGTERM to group 1771. PIDs of all processes in the group: [1771]
[2025-04-04T09:30:15.150+0000] {process_utils.py:84} INFO - Sending the signal Signals.SIGTERM to group 1771
[2025-04-04T09:30:14.658+0000] {base.py:73} INFO - Using connection ID 'minio_s3' for task execution.
[2025-04-04T09:30:17.703+0000] {taskinstance.py:1768} ERROR - Task failed with exception
Traceback (most recent call last):
  File "/usr/local/lib/python3.7/logging/__init__.py", line 1029, in emit
    self.flush()
  File "/usr/local/lib/python3.7/logging/__init__.py", line 1009, in flush
    self.stream.flush()
RuntimeError: reentrant call inside <_io.BufferedWriter name='/opt/***/logs/dag_id=download_and_store_images/run_id=scheduled__2024-01-12T00:00:00+00:00/task_id=download_and_upload_images/attempt=2.log'>

During handling of the above exception, another exception occurred:

Traceback (most recent call last):
  File "/usr/local/lib/python3.7/logging/__init__.py", line 1029, in emit
    self.flush()
  File "/usr/local/lib/python3.7/logging/__init__.py", line 1009, in flush
    self.stream.flush()
RuntimeError: reentrant call inside <_io.BufferedWriter name='/opt/***/logs/dag_id=download_and_store_images/run_id=scheduled__2024-01-12T00:00:00+00:00/task_id=download_and_upload_images/attempt=2.log'>

During handling of the above exception, another exception occurred:

Traceback (most recent call last):
  File "/usr/local/lib/python3.7/logging/__init__.py", line 1029, in emit
    self.flush()
  File "/usr/local/lib/python3.7/logging/__init__.py", line 1009, in flush
    self.stream.flush()
RuntimeError: reentrant call inside <_io.BufferedWriter name='/opt/***/logs/dag_id=download_and_store_images/run_id=scheduled__2024-01-12T00:00:00+00:00/task_id=download_and_upload_images/attempt=2.log'>

During handling of the above exception, another exception occurred:

Traceback (most recent call last):
  File "/usr/local/lib/python3.7/logging/__init__.py", line 1029, in emit
    self.flush()
  File "/usr/local/lib/python3.7/logging/__init__.py", line 1009, in flush
    self.stream.flush()
RuntimeError: reentrant call inside <_io.BufferedWriter name='/opt/***/logs/dag_id=download_and_store_images/run_id=scheduled__2024-01-12T00:00:00+00:00/task_id=download_and_upload_images/attempt=2.log'>

During handling of the above exception, another exception occurred:

Traceback (most recent call last):
  File "/usr/local/lib/python3.7/logging/__init__.py", line 1029, in emit
    self.flush()
  File "/usr/local/lib/python3.7/logging/__init__.py", line 1009, in flush
    self.stream.flush()
RuntimeError: reentrant call inside <_io.BufferedWriter name='/opt/***/logs/dag_id=download_and_store_images/run_id=scheduled__2024-01-12T00:00:00+00:00/task_id=download_and_upload_images/attempt=2.log'>

During handling of the above exception, another exception occurred:

Traceback (most recent call last):
  File "/usr/local/lib/python3.7/logging/__init__.py", line 1029, in emit
    self.flush()
  File "/usr/local/lib/python3.7/logging/__init__.py", line 1009, in flush
    self.stream.flush()
RuntimeError: reentrant call inside <_io.BufferedWriter name='/opt/***/logs/dag_id=download_and_store_images/run_id=scheduled__2024-01-12T00:00:00+00:00/task_id=download_and_upload_images/attempt=2.log'>

During handling of the above exception, another exception occurred:

Traceback (most recent call last):
  File "/usr/local/lib/python3.7/logging/__init__.py", line 1029, in emit
    self.flush()
  File "/usr/local/lib/python3.7/logging/__init__.py", line 1009, in flush
    self.stream.flush()
RuntimeError: reentrant call inside <_io.BufferedWriter name='/opt/***/logs/dag_id=download_and_store_images/run_id=scheduled__2024-01-12T00:00:00+00:00/task_id=download_and_upload_images/attempt=2.log'>

During handling of the above exception, another exception occurred:

Traceback (most recent call last):
  File "/usr/local/lib/python3.7/logging/__init__.py", line 1029, in emit
    self.flush()
  File "/usr/local/lib/python3.7/logging/__init__.py", line 1009, in flush
    self.stream.flush()
RuntimeError: reentrant call inside <_io.BufferedWriter name='/opt/***/logs/dag_id=download_and_store_images/run_id=scheduled__2024-01-12T00:00:00+00:00/task_id=download_and_upload_images/attempt=2.log'>

During handling of the above exception, another exception occurred:

Traceback (most recent call last):
  File "/usr/local/lib/python3.7/logging/__init__.py", line 1029, in emit
    self.flush()
  File "/usr/local/lib/python3.7/logging/__init__.py", line 1009, in flush
    self.stream.flush()
RuntimeError: reentrant call inside <_io.BufferedWriter name='/opt/***/logs/dag_id=download_and_store_images/run_id=scheduled__2024-01-12T00:00:00+00:00/task_id=download_and_upload_images/attempt=2.log'>

During handling of the above exception, another exception occurred:

Traceback (most recent call last):
  File "/usr/local/lib/python3.7/logging/__init__.py", line 1029, in emit
    self.flush()
  File "/usr/local/lib/python3.7/logging/__init__.py", line 1009, in flush
    self.stream.flush()
RuntimeError: reentrant call inside <_io.BufferedWriter name='/opt/***/logs/dag_id=download_and_store_images/run_id=scheduled__2024-01-12T00:00:00+00:00/task_id=download_and_upload_images/attempt=2.log'>

During handling of the above exception, another exception occurred:

Traceback (most recent call last):
  File "/usr/local/lib/python3.7/logging/__init__.py", line 1029, in emit
    self.flush()
  File "/usr/local/lib/python3.7/logging/__init__.py", line 1009, in flush
    self.stream.flush()
RuntimeError: reentrant call inside <_io.BufferedWriter name='/opt/***/logs/dag_id=download_and_store_images/run_id=scheduled__2024-01-12T00:00:00+00:00/task_id=download_and_upload_images/attempt=2.log'>

During handling of the above exception, another exception occurred:

Traceback (most recent call last):
  File "/usr/local/lib/python3.7/logging/__init__.py", line 1029, in emit
    self.flush()
  File "/usr/local/lib/python3.7/logging/__init__.py", line 1009, in flush
    self.stream.flush()
RuntimeError: reentrant call inside <_io.BufferedWriter name='/opt/***/logs/dag_id=download_and_store_images/run_id=scheduled__2024-01-12T00:00:00+00:00/task_id=download_and_upload_images/attempt=2.log'>

During handling of the above exception, another exception occurred:

Traceback (most recent call last):
  File "/usr/local/lib/python3.7/logging/__init__.py", line 1029, in emit
    self.flush()
  File "/usr/local/lib/python3.7/logging/__init__.py", line 1009, in flush
    self.stream.flush()
RuntimeError: reentrant call inside <_io.BufferedWriter name='/opt/***/logs/dag_id=download_and_store_images/run_id=scheduled__2024-01-12T00:00:00+00:00/task_id=download_and_upload_images/attempt=2.log'>

During handling of the above exception, another exception occurred:

Traceback (most recent call last):
  File "/usr/local/lib/python3.7/logging/__init__.py", line 1029, in emit
    self.flush()
  File "/usr/local/lib/python3.7/logging/__init__.py", line 1009, in flush
    self.stream.flush()
RuntimeError: reentrant call inside <_io.BufferedWriter name='/opt/***/logs/dag_id=download_and_store_images/run_id=scheduled__2024-01-12T00:00:00+00:00/task_id=download_and_upload_images/attempt=2.log'>

During handling of the above exception, another exception occurred:

Traceback (most recent call last):
  File "/usr/local/lib/python3.7/logging/__init__.py", line 1029, in emit
    self.flush()
  File "/usr/local/lib/python3.7/logging/__init__.py", line 1009, in flush
    self.stream.flush()
RuntimeError: reentrant call inside <_io.BufferedWriter name='/opt/***/logs/dag_id=download_and_store_images/run_id=scheduled__2024-01-12T00:00:00+00:00/task_id=download_and_upload_images/attempt=2.log'>

During handling of the above exception, another exception occurred:

Traceback (most recent call last):
  File "/usr/local/lib/python3.7/logging/__init__.py", line 1029, in emit
    self.flush()
  File "/usr/local/lib/python3.7/logging/__init__.py", line 1009, in flush
    self.stream.flush()
RuntimeError: reentrant call inside <_io.BufferedWriter name='/opt/***/logs/dag_id=download_and_store_images/run_id=scheduled__2024-01-12T00:00:00+00:00/task_id=download_and_upload_images/attempt=2.log'>

During handling of the above exception, another exception occurred:

Traceback (most recent call last):
  File "/usr/local/lib/python3.7/logging/__init__.py", line 1029, in emit
    self.flush()
  File "/usr/local/lib/python3.7/logging/__init__.py", line 1009, in flush
    self.stream.flush()
RuntimeError: reentrant call inside <_io.BufferedWriter name='/opt/***/logs/dag_id=download_and_store_images/run_id=scheduled__2024-01-12T00:00:00+00:00/task_id=download_and_upload_images/attempt=2.log'>

During handling of the above exception, another exception occurred:

Traceback (most recent call last):
  File "/usr/local/lib/python3.7/logging/__init__.py", line 1029, in emit
    self.flush()
  File "/usr/local/lib/python3.7/logging/__init__.py", line 1009, in flush
    self.stream.flush()
RuntimeError: reentrant call inside <_io.BufferedWriter name='/opt/***/logs/dag_id=download_and_store_images/run_id=scheduled__2024-01-12T00:00:00+00:00/task_id=download_and_upload_images/attempt=2.log'>

During handling of the above exception, another exception occurred:

Traceback (most recent call last):
  File "/usr/local/lib/python3.7/logging/__init__.py", line 1029, in emit
    self.flush()
  File "/usr/local/lib/python3.7/logging/__init__.py", line 1009, in flush
    self.stream.flush()
RuntimeError: reentrant call inside <_io.BufferedWriter name='/opt/***/logs/dag_id=download_and_store_images/run_id=scheduled__2024-01-12T00:00:00+00:00/task_id=download_and_upload_images/attempt=2.log'>

During handling of the above exception, another exception occurred:

Traceback (most recent call last):
  File "/usr/local/lib/python3.7/logging/__init__.py", line 1029, in emit
    self.flush()
  File "/usr/local/lib/python3.7/logging/__init__.py", line 1009, in flush
    self.stream.flush()
RuntimeError: reentrant call inside <_io.BufferedWriter name='/opt/***/logs/dag_id=download_and_store_images/run_id=scheduled__2024-01-12T00:00:00+00:00/task_id=download_and_upload_images/attempt=2.log'>

During handling of the above exception, another exception occurred:

Traceback (most recent call last):
  File "/usr/local/lib/python3.7/logging/__init__.py", line 1029, in emit
    self.flush()
  File "/usr/local/lib/python3.7/logging/__init__.py", line 1009, in flush
    self.stream.flush()
RuntimeError: reentrant call inside <_io.BufferedWriter name='/opt/***/logs/dag_id=download_and_store_images/run_id=scheduled__2024-01-12T00:00:00+00:00/task_id=download_and_upload_images/attempt=2.log'>

During handling of the above exception, another exception occurred:

Traceback (most recent call last):
  File "/usr/local/lib/python3.7/logging/__init__.py", line 1029, in emit
    self.flush()
  File "/usr/local/lib/python3.7/logging/__init__.py", line 1009, in flush
    self.stream.flush()
RuntimeError: reentrant call inside <_io.BufferedWriter name='/opt/***/logs/dag_id=download_and_store_images/run_id=scheduled__2024-01-12T00:00:00+00:00/task_id=download_and_upload_images/attempt=2.log'>

During handling of the above exception, another exception occurred:

Traceback (most recent call last):
  File "/usr/local/lib/python3.7/logging/__init__.py", line 1029, in emit
    self.flush()
  File "/usr/local/lib/python3.7/logging/__init__.py", line 1009, in flush
    self.stream.flush()
RuntimeError: reentrant call inside <_io.BufferedWriter name='/opt/***/logs/dag_id=download_and_store_images/run_id=scheduled__2024-01-12T00:00:00+00:00/task_id=download_and_upload_images/attempt=2.log'>

During handling of the above exception, another exception occurred:

Traceback (most recent call last):
  File "/usr/local/lib/python3.7/logging/__init__.py", line 1029, in emit
    self.flush()
  File "/usr/local/lib/python3.7/logging/__init__.py", line 1009, in flush
    self.stream.flush()
RuntimeError: reentrant call inside <_io.BufferedWriter name='/opt/***/logs/dag_id=download_and_store_images/run_id=scheduled__2024-01-12T00:00:00+00:00/task_id=download_and_upload_images/attempt=2.log'>

During handling of the above exception, another exception occurred:

Traceback (most recent call last):
  File "/usr/local/lib/python3.7/logging/__init__.py", line 1029, in emit
    self.flush()
  File "/usr/local/lib/python3.7/logging/__init__.py", line 1009, in flush
    self.stream.flush()
RuntimeError: reentrant call inside <_io.BufferedWriter name='/opt/***/logs/dag_id=download_and_store_images/run_id=scheduled__2024-01-12T00:00:00+00:00/task_id=download_and_upload_images/attempt=2.log'>

During handling of the above exception, another exception occurred:

Traceback (most recent call last):
  File "/usr/local/lib/python3.7/logging/__init__.py", line 1029, in emit
    self.flush()
  File "/usr/local/lib/python3.7/logging/__init__.py", line 1009, in flush
    self.stream.flush()
RuntimeError: reentrant call inside <_io.BufferedWriter name='/opt/***/logs/dag_id=download_and_store_images/run_id=scheduled__2024-01-12T00:00:00+00:00/task_id=download_and_upload_images/attempt=2.log'>

During handling of the above exception, another exception occurred:

Traceback (most recent call last):
  File "/usr/local/lib/python3.7/logging/__init__.py", line 1029, in emit
    self.flush()
  File "/usr/local/lib/python3.7/logging/__init__.py", line 1009, in flush
    self.stream.flush()
RuntimeError: reentrant call inside <_io.BufferedWriter name='/opt/***/logs/dag_id=download_and_store_images/run_id=scheduled__2024-01-12T00:00:00+00:00/task_id=download_and_upload_images/attempt=2.log'>

During handling of the above exception, another exception occurred:

Traceback (most recent call last):
  File "/usr/local/lib/python3.7/logging/__init__.py", line 1029, in emit
    self.flush()
  File "/usr/local/lib/python3.7/logging/__init__.py", line 1009, in flush
    self.stream.flush()
RuntimeError: reentrant call inside <_io.BufferedWriter name='/opt/***/logs/dag_id=download_and_store_images/run_id=scheduled__2024-01-12T00:00:00+00:00/task_id=download_and_upload_images/attempt=2.log'>

During handling of the above exception, another exception occurred:

Traceback (most recent call last):
  File "/usr/local/lib/python3.7/logging/__init__.py", line 1029, in emit
    self.flush()
  File "/usr/local/lib/python3.7/logging/__init__.py", line 1009, in flush
    self.stream.flush()
RuntimeError: reentrant call inside <_io.BufferedWriter name='/opt/***/logs/dag_id=download_and_store_images/run_id=scheduled__2024-01-12T00:00:00+00:00/task_id=download_and_upload_images/attempt=2.log'>

During handling of the above exception, another exception occurred:

Traceback (most recent call last):
  File "/usr/local/lib/python3.7/logging/__init__.py", line 1029, in emit
    self.flush()
  File "/usr/local/lib/python3.7/logging/__init__.py", line 1009, in flush
    self.stream.flush()
RuntimeError: reentrant call inside <_io.BufferedWriter name='/opt/***/logs/dag_id=download_and_store_images/run_id=scheduled__2024-01-12T00:00:00+00:00/task_id=download_and_upload_images/attempt=2.log'>

During handling of the above exception, another exception occurred:

Traceback (most recent call last):
  File "/usr/local/lib/python3.7/logging/__init__.py", line 1029, in emit
    self.flush()
  File "/usr/local/lib/python3.7/logging/__init__.py", line 1009, in flush
    self.stream.flush()
RuntimeError: reentrant call inside <_io.BufferedWriter name='/opt/***/logs/dag_id=download_and_store_images/run_id=scheduled__2024-01-12T00:00:00+00:00/task_id=download_and_upload_images/attempt=2.log'>

During handling of the above exception, another exception occurred:

Traceback (most recent call last):
  File "/usr/local/lib/python3.7/logging/__init__.py", line 1029, in emit
    self.flush()
  File "/usr/local/lib/python3.7/logging/__init__.py", line 1009, in flush
    self.stream.flush()
RuntimeError: reentrant call inside <_io.BufferedWriter name='/opt/***/logs/dag_id=download_and_store_images/run_id=scheduled__2024-01-12T00:00:00+00:00/task_id=download_and_upload_images/attempt=2.log'>

During handling of the above exception, another exception occurred:

Traceback (most recent call last):
  File "/usr/local/lib/python3.7/logging/__init__.py", line 1029, in emit
    self.flush()
  File "/usr/local/lib/python3.7/logging/__init__.py", line 1009, in flush
    self.stream.flush()
RuntimeError: reentrant call inside <_io.BufferedWriter name='/opt/***/logs/dag_id=download_and_store_images/run_id=scheduled__2024-01-12T00:00:00+00:00/task_id=download_and_upload_images/attempt=2.log'>

During handling of the above exception, another exception occurred:

Traceback (most recent call last):
  File "/usr/local/lib/python3.7/logging/__init__.py", line 1029, in emit
    self.flush()
  File "/usr/local/lib/python3.7/logging/__init__.py", line 1009, in flush
    self.stream.flush()
RuntimeError: reentrant call inside <_io.BufferedWriter name='/opt/***/logs/dag_id=download_and_store_images/run_id=scheduled__2024-01-12T00:00:00+00:00/task_id=download_and_upload_images/attempt=2.log'>

During handling of the above exception, another exception occurred:

Traceback (most recent call last):
  File "/usr/local/lib/python3.7/logging/__init__.py", line 1029, in emit
    self.flush()
  File "/usr/local/lib/python3.7/logging/__init__.py", line 1009, in flush
    self.stream.flush()
RuntimeError: reentrant call inside <_io.BufferedWriter name='/opt/***/logs/dag_id=download_and_store_images/run_id=scheduled__2024-01-12T00:00:00+00:00/task_id=download_and_upload_images/attempt=2.log'>

During handling of the above exception, another exception occurred:

Traceback (most recent call last):
  File "/usr/local/lib/python3.7/logging/__init__.py", line 1029, in emit
    self.flush()
  File "/usr/local/lib/python3.7/logging/__init__.py", line 1009, in flush
    self.stream.flush()
RuntimeError: reentrant call inside <_io.BufferedWriter name='/opt/***/logs/dag_id=download_and_store_images/run_id=scheduled__2024-01-12T00:00:00+00:00/task_id=download_and_upload_images/attempt=2.log'>

During handling of the above exception, another exception occurred:

Traceback (most recent call last):
  File "/usr/local/lib/python3.7/logging/__init__.py", line 1029, in emit
    self.flush()
  File "/usr/local/lib/python3.7/logging/__init__.py", line 1009, in flush
    self.stream.flush()
RuntimeError: reentrant call inside <_io.BufferedWriter name='/opt/***/logs/dag_id=download_and_store_images/run_id=scheduled__2024-01-12T00:00:00+00:00/task_id=download_and_upload_images/attempt=2.log'>

During handling of the above exception, another exception occurred:

Traceback (most recent call last):
  File "/usr/local/lib/python3.7/logging/__init__.py", line 1029, in emit
    self.flush()
  File "/usr/local/lib/python3.7/logging/__init__.py", line 1009, in flush
    self.stream.flush()
RuntimeError: reentrant call inside <_io.BufferedWriter name='/opt/***/logs/dag_id=download_and_store_images/run_id=scheduled__2024-01-12T00:00:00+00:00/task_id=download_and_upload_images/attempt=2.log'>

During handling of the above exception, another exception occurred:

Traceback (most recent call last):
  File "/usr/local/lib/python3.7/logging/__init__.py", line 1029, in emit
    self.flush()
  File "/usr/local/lib/python3.7/logging/__init__.py", line 1009, in flush
    self.stream.flush()
RuntimeError: reentrant call inside <_io.BufferedWriter name='/opt/***/logs/dag_id=download_and_store_images/run_id=scheduled__2024-01-12T00:00:00+00:00/task_id=download_and_upload_images/attempt=2.log'>

During handling of the above exception, another exception occurred:

Traceback (most recent call last):
  File "/usr/local/lib/python3.7/logging/__init__.py", line 1029, in emit
    self.flush()
  File "/usr/local/lib/python3.7/logging/__init__.py", line 1009, in flush
    self.stream.flush()
RuntimeError: reentrant call inside <_io.BufferedWriter name='/opt/***/logs/dag_id=download_and_store_images/run_id=scheduled__2024-01-12T00:00:00+00:00/task_id=download_and_upload_images/attempt=2.log'>

During handling of the above exception, another exception occurred:

Traceback (most recent call last):
  File "/usr/local/lib/python3.7/logging/__init__.py", line 1029, in emit
    self.flush()
  File "/usr/local/lib/python3.7/logging/__init__.py", line 1009, in flush
    self.stream.flush()
RuntimeError: reentrant call inside <_io.BufferedWriter name='/opt/***/logs/dag_id=download_and_store_images/run_id=scheduled__2024-01-12T00:00:00+00:00/task_id=download_and_upload_images/attempt=2.log'>

During handling of the above exception, another exception occurred:

Traceback (most recent call last):
  File "/usr/local/lib/python3.7/logging/__init__.py", line 1029, in emit
    self.flush()
  File "/usr/local/lib/python3.7/logging/__init__.py", line 1009, in flush
    self.stream.flush()
RuntimeError: reentrant call inside <_io.BufferedWriter name='/opt/***/logs/dag_id=download_and_store_images/run_id=scheduled__2024-01-12T00:00:00+00:00/task_id=download_and_upload_images/attempt=2.log'>

During handling of the above exception, another exception occurred:

Traceback (most recent call last):
  File "/usr/local/lib/python3.7/logging/__init__.py", line 1029, in emit
    self.flush()
  File "/usr/local/lib/python3.7/logging/__init__.py", line 1009, in flush
    self.stream.flush()
RuntimeError: reentrant call inside <_io.BufferedWriter name='/opt/***/logs/dag_id=download_and_store_images/run_id=scheduled__2024-01-12T00:00:00+00:00/task_id=download_and_upload_images/attempt=2.log'>

During handling of the above exception, another exception occurred:

Traceback (most recent call last):
  File "/usr/local/lib/python3.7/logging/__init__.py", line 1029, in emit
    self.flush()
  File "/usr/local/lib/python3.7/logging/__init__.py", line 1009, in flush
    self.stream.flush()
RuntimeError: reentrant call inside <_io.BufferedWriter name='/opt/***/logs/dag_id=download_and_store_images/run_id=scheduled__2024-01-12T00:00:00+00:00/task_id=download_and_upload_images/attempt=2.log'>

During handling of the above exception, another exception occurred:

Traceback (most recent call last):
  File "/usr/local/lib/python3.7/logging/__init__.py", line 1029, in emit
    self.flush()
  File "/usr/local/lib/python3.7/logging/__init__.py", line 1009, in flush
    self.stream.flush()
RuntimeError: reentrant call inside <_io.BufferedWriter name='/opt/***/logs/dag_id=download_and_store_images/run_id=scheduled__2024-01-12T00:00:00+00:00/task_id=download_and_upload_images/attempt=2.log'>

During handling of the above exception, another exception occurred:

Traceback (most recent call last):
  File "/usr/local/lib/python3.7/logging/__init__.py", line 1029, in emit
    self.flush()
  File "/usr/local/lib/python3.7/logging/__init__.py", line 1009, in flush
    self.stream.flush()
RuntimeError: reentrant call inside <_io.BufferedWriter name='/opt/***/logs/dag_id=download_and_store_images/run_id=scheduled__2024-01-12T00:00:00+00:00/task_id=download_and_upload_images/attempt=2.log'>

During handling of the above exception, another exception occurred:

Traceback (most recent call last):
  File "/usr/local/lib/python3.7/logging/__init__.py", line 1029, in emit
    self.flush()
  File "/usr/local/lib/python3.7/logging/__init__.py", line 1009, in flush
    self.stream.flush()
RuntimeError: reentrant call inside <_io.BufferedWriter name='/opt/***/logs/dag_id=download_and_store_images/run_id=scheduled__2024-01-12T00:00:00+00:00/task_id=download_and_upload_images/attempt=2.log'>

During handling of the above exception, another exception occurred:

Traceback (most recent call last):
  File "/usr/local/lib/python3.7/logging/__init__.py", line 1029, in emit
    self.flush()
  File "/usr/local/lib/python3.7/logging/__init__.py", line 1009, in flush
    self.stream.flush()
RuntimeError: reentrant call inside <_io.BufferedWriter name='/opt/***/logs/dag_id=download_and_store_images/run_id=scheduled__2024-01-12T00:00:00+00:00/task_id=download_and_upload_images/attempt=2.log'>

During handling of the above exception, another exception occurred:

Traceback (most recent call last):
  File "/usr/local/lib/python3.7/logging/__init__.py", line 1029, in emit
    self.flush()
  File "/usr/local/lib/python3.7/logging/__init__.py", line 1009, in flush
    self.stream.flush()
RuntimeError: reentrant call inside <_io.BufferedWriter name='/opt/***/logs/dag_id=download_and_store_images/run_id=scheduled__2024-01-12T00:00:00+00:00/task_id=download_and_upload_images/attempt=2.log'>

During handling of the above exception, another exception occurred:

Traceback (most recent call last):
  File "/usr/local/lib/python3.7/logging/__init__.py", line 1029, in emit
    self.flush()
  File "/usr/local/lib/python3.7/logging/__init__.py", line 1009, in flush
    self.stream.flush()
RuntimeError: reentrant call inside <_io.BufferedWriter name='/opt/***/logs/dag_id=download_and_store_images/run_id=scheduled__2024-01-12T00:00:00+00:00/task_id=download_and_upload_images/attempt=2.log'>

During handling of the above exception, another exception occurred:

Traceback (most recent call last):
  File "/usr/local/lib/python3.7/logging/__init__.py", line 1029, in emit
    self.flush()
  File "/usr/local/lib/python3.7/logging/__init__.py", line 1009, in flush
    self.stream.flush()
RuntimeError: reentrant call inside <_io.BufferedWriter name='/opt/***/logs/dag_id=download_and_store_images/run_id=scheduled__2024-01-12T00:00:00+00:00/task_id=download_and_upload_images/attempt=2.log'>

During handling of the above exception, another exception occurred:

Traceback (most recent call last):
  File "/usr/local/lib/python3.7/logging/__init__.py", line 1029, in emit
    self.flush()
  File "/usr/local/lib/python3.7/logging/__init__.py", line 1009, in flush
    self.stream.flush()
RuntimeError: reentrant call inside <_io.BufferedWriter name='/opt/***/logs/dag_id=download_and_store_images/run_id=scheduled__2024-01-12T00:00:00+00:00/task_id=download_and_upload_images/attempt=2.log'>

During handling of the above exception, another exception occurred:

Traceback (most recent call last):
  File "/usr/local/lib/python3.7/logging/__init__.py", line 1029, in emit
    self.flush()
  File "/usr/local/lib/python3.7/logging/__init__.py", line 1009, in flush
    self.stream.flush()
RuntimeError: reentrant call inside <_io.BufferedWriter name='/opt/***/logs/dag_id=download_and_store_images/run_id=scheduled__2024-01-12T00:00:00+00:00/task_id=download_and_upload_images/attempt=2.log'>

During handling of the above exception, another exception occurred:

Traceback (most recent call last):
  File "/usr/local/lib/python3.7/logging/__init__.py", line 1029, in emit
    self.flush()
  File "/usr/local/lib/python3.7/logging/__init__.py", line 1009, in flush
    self.stream.flush()
RuntimeError: reentrant call inside <_io.BufferedWriter name='/opt/***/logs/dag_id=download_and_store_images/run_id=scheduled__2024-01-12T00:00:00+00:00/task_id=download_and_upload_images/attempt=2.log'>

During handling of the above exception, another exception occurred:

Traceback (most recent call last):
  File "/usr/local/lib/python3.7/logging/__init__.py", line 1029, in emit
    self.flush()
  File "/usr/local/lib/python3.7/logging/__init__.py", line 1009, in flush
    self.stream.flush()
RuntimeError: reentrant call inside <_io.BufferedWriter name='/opt/***/logs/dag_id=download_and_store_images/run_id=scheduled__2024-01-12T00:00:00+00:00/task_id=download_and_upload_images/attempt=2.log'>

During handling of the above exception, another exception occurred:

Traceback (most recent call last):
  File "/usr/local/lib/python3.7/logging/__init__.py", line 1029, in emit
    self.flush()
  File "/usr/local/lib/python3.7/logging/__init__.py", line 1009, in flush
    self.stream.flush()
RuntimeError: reentrant call inside <_io.BufferedWriter name='/opt/***/logs/dag_id=download_and_store_images/run_id=scheduled__2024-01-12T00:00:00+00:00/task_id=download_and_upload_images/attempt=2.log'>

During handling of the above exception, another exception occurred:

Traceback (most recent call last):
  File "/usr/local/lib/python3.7/logging/__init__.py", line 1029, in emit
    self.flush()
  File "/usr/local/lib/python3.7/logging/__init__.py", line 1009, in flush
    self.stream.flush()
RuntimeError: reentrant call inside <_io.BufferedWriter name='/opt/***/logs/dag_id=download_and_store_images/run_id=scheduled__2024-01-12T00:00:00+00:00/task_id=download_and_upload_images/attempt=2.log'>

During handling of the above exception, another exception occurred:

Traceback (most recent call last):
  File "/usr/local/lib/python3.7/logging/__init__.py", line 1029, in emit
    self.flush()
  File "/usr/local/lib/python3.7/logging/__init__.py", line 1009, in flush
    self.stream.flush()
RuntimeError: reentrant call inside <_io.BufferedWriter name='/opt/***/logs/dag_id=download_and_store_images/run_id=scheduled__2024-01-12T00:00:00+00:00/task_id=download_and_upload_images/attempt=2.log'>

During handling of the above exception, another exception occurred:

Traceback (most recent call last):
  File "/usr/local/lib/python3.7/logging/__init__.py", line 1029, in emit
    self.flush()
  File "/usr/local/lib/python3.7/logging/__init__.py", line 1009, in flush
    self.stream.flush()
RuntimeError: reentrant call inside <_io.BufferedWriter name='/opt/***/logs/dag_id=download_and_store_images/run_id=scheduled__2024-01-12T00:00:00+00:00/task_id=download_and_upload_images/attempt=2.log'>

During handling of the above exception, another exception occurred:

Traceback (most recent call last):
  File "/usr/local/lib/python3.7/logging/__init__.py", line 1029, in emit
    self.flush()
  File "/usr/local/lib/python3.7/logging/__init__.py", line 1009, in flush
    self.stream.flush()
RuntimeError: reentrant call inside <_io.BufferedWriter name='/opt/***/logs/dag_id=download_and_store_images/run_id=scheduled__2024-01-12T00:00:00+00:00/task_id=download_and_upload_images/attempt=2.log'>

During handling of the above exception, another exception occurred:

Traceback (most recent call last):
  File "/usr/local/lib/python3.7/logging/__init__.py", line 1029, in emit
    self.flush()
  File "/usr/local/lib/python3.7/logging/__init__.py", line 1009, in flush
    self.stream.flush()
RuntimeError: reentrant call inside <_io.BufferedWriter name='/opt/***/logs/dag_id=download_and_store_images/run_id=scheduled__2024-01-12T00:00:00+00:00/task_id=download_and_upload_images/attempt=2.log'>

During handling of the above exception, another exception occurred:

Traceback (most recent call last):
  File "/usr/local/lib/python3.7/logging/__init__.py", line 1029, in emit
    self.flush()
  File "/usr/local/lib/python3.7/logging/__init__.py", line 1009, in flush
    self.stream.flush()
RuntimeError: reentrant call inside <_io.BufferedWriter name='/opt/***/logs/dag_id=download_and_store_images/run_id=scheduled__2024-01-12T00:00:00+00:00/task_id=download_and_upload_images/attempt=2.log'>

During handling of the above exception, another exception occurred:

Traceback (most recent call last):
  File "/usr/local/lib/python3.7/logging/__init__.py", line 1029, in emit
    self.flush()
  File "/usr/local/lib/python3.7/logging/__init__.py", line 1009, in flush
    self.stream.flush()
RuntimeError: reentrant call inside <_io.BufferedWriter name='/opt/***/logs/dag_id=download_and_store_images/run_id=scheduled__2024-01-12T00:00:00+00:00/task_id=download_and_upload_images/attempt=2.log'>

During handling of the above exception, another exception occurred:

Traceback (most recent call last):
  File "/usr/local/lib/python3.7/logging/__init__.py", line 1029, in emit
    self.flush()
  File "/usr/local/lib/python3.7/logging/__init__.py", line 1009, in flush
    self.stream.flush()
RuntimeError: reentrant call inside <_io.BufferedWriter name='/opt/***/logs/dag_id=download_and_store_images/run_id=scheduled__2024-01-12T00:00:00+00:00/task_id=download_and_upload_images/attempt=2.log'>

During handling of the above exception, another exception occurred:

Traceback (most recent call last):
  File "/usr/local/lib/python3.7/logging/__init__.py", line 1029, in emit
    self.flush()
  File "/usr/local/lib/python3.7/logging/__init__.py", line 1009, in flush
    self.stream.flush()
RuntimeError: reentrant call inside <_io.BufferedWriter name='/opt/***/logs/dag_id=download_and_store_images/run_id=scheduled__2024-01-12T00:00:00+00:00/task_id=download_and_upload_images/attempt=2.log'>

During handling of the above exception, another exception occurred:

Traceback (most recent call last):
  File "/usr/local/lib/python3.7/logging/__init__.py", line 1029, in emit
    self.flush()
  File "/usr/local/lib/python3.7/logging/__init__.py", line 1009, in flush
    self.stream.flush()
RuntimeError: reentrant call inside <_io.BufferedWriter name='/opt/***/logs/dag_id=download_and_store_images/run_id=scheduled__2024-01-12T00:00:00+00:00/task_id=download_and_upload_images/attempt=2.log'>

During handling of the above exception, another exception occurred:

Traceback (most recent call last):
  File "/usr/local/lib/python3.7/logging/__init__.py", line 1029, in emit
    self.flush()
  File "/usr/local/lib/python3.7/logging/__init__.py", line 1009, in flush
    self.stream.flush()
RuntimeError: reentrant call inside <_io.BufferedWriter name='/opt/***/logs/dag_id=download_and_store_images/run_id=scheduled__2024-01-12T00:00:00+00:00/task_id=download_and_upload_images/attempt=2.log'>

During handling of the above exception, another exception occurred:

Traceback (most recent call last):
  File "/usr/local/lib/python3.7/logging/__init__.py", line 1029, in emit
    self.flush()
  File "/usr/local/lib/python3.7/logging/__init__.py", line 1009, in flush
    self.stream.flush()
RuntimeError: reentrant call inside <_io.BufferedWriter name='/opt/***/logs/dag_id=download_and_store_images/run_id=scheduled__2024-01-12T00:00:00+00:00/task_id=download_and_upload_images/attempt=2.log'>

During handling of the above exception, another exception occurred:

Traceback (most recent call last):
  File "/usr/local/lib/python3.7/logging/__init__.py", line 1029, in emit
    self.flush()
  File "/usr/local/lib/python3.7/logging/__init__.py", line 1009, in flush
    self.stream.flush()
RuntimeError: reentrant call inside <_io.BufferedWriter name='/opt/***/logs/dag_id=download_and_store_images/run_id=scheduled__2024-01-12T00:00:00+00:00/task_id=download_and_upload_images/attempt=2.log'>

During handling of the above exception, another exception occurred:

Traceback (most recent call last):
  File "/home/airflow/.local/lib/python3.7/site-packages/airflow/operators/python.py", line 175, in execute
    return_value = self.execute_callable()
  File "/home/airflow/.local/lib/python3.7/site-packages/airflow/operators/python.py", line 192, in execute_callable
    return self.python_callable(*self.op_args, **self.op_kwargs)
  File "/opt/airflow/dags/dag_data_collect.py", line 76, in download_and_upload_images
    if not check_image_in_s3(image_name):
  File "/opt/airflow/dags/dag_data_collect.py", line 57, in check_image_in_s3
    return s3.check_for_key(key, bucket_name)
  File "/home/airflow/.local/lib/python3.7/site-packages/airflow/providers/amazon/aws/hooks/s3.py", line 99, in wrapper
    return func(*bound_args.args, **bound_args.kwargs)
  File "/home/airflow/.local/lib/python3.7/site-packages/airflow/providers/amazon/aws/hooks/s3.py", line 70, in wrapper
    return func(*bound_args.args, **bound_args.kwargs)
  File "/home/airflow/.local/lib/python3.7/site-packages/airflow/providers/amazon/aws/hooks/s3.py", line 481, in check_for_key
    obj = self.head_object(key, bucket_name)
  File "/home/airflow/.local/lib/python3.7/site-packages/airflow/providers/amazon/aws/hooks/s3.py", line 99, in wrapper
    return func(*bound_args.args, **bound_args.kwargs)
  File "/home/airflow/.local/lib/python3.7/site-packages/airflow/providers/amazon/aws/hooks/s3.py", line 70, in wrapper
    return func(*bound_args.args, **bound_args.kwargs)
  File "/home/airflow/.local/lib/python3.7/site-packages/airflow/providers/amazon/aws/hooks/s3.py", line 464, in head_object
    return self.get_conn().head_object(Bucket=bucket_name, Key=key)
  File "/home/airflow/.local/lib/python3.7/site-packages/airflow/providers/amazon/aws/hooks/base_aws.py", line 641, in get_conn
    return self.conn
  File "/home/airflow/.local/lib/python3.7/site-packages/cached_property.py", line 36, in __get__
    value = obj.__dict__[self.func.__name__] = self.func(obj)
  File "/home/airflow/.local/lib/python3.7/site-packages/airflow/providers/amazon/aws/hooks/base_aws.py", line 609, in conn
    return self.get_client_type(region_name=self.region_name)
  File "/home/airflow/.local/lib/python3.7/site-packages/airflow/providers/amazon/aws/hooks/base_aws.py", line 531, in region_name
    return self.conn_config.region_name
  File "/home/airflow/.local/lib/python3.7/site-packages/cached_property.py", line 36, in __get__
    value = obj.__dict__[self.func.__name__] = self.func(obj)
  File "/home/airflow/.local/lib/python3.7/site-packages/airflow/providers/amazon/aws/hooks/base_aws.py", line 513, in conn_config
    connection = self.get_connection(self.aws_conn_id)
  File "/home/airflow/.local/lib/python3.7/site-packages/airflow/hooks/base.py", line 73, in get_connection
    log.info("Using connection ID '%s' for task execution.", conn.conn_id)
  File "/usr/local/lib/python3.7/logging/__init__.py", line 1378, in info
    self._log(INFO, msg, args, **kwargs)
  File "/usr/local/lib/python3.7/logging/__init__.py", line 1514, in _log
    self.handle(record)
  File "/usr/local/lib/python3.7/logging/__init__.py", line 1524, in handle
    self.callHandlers(record)
  File "/usr/local/lib/python3.7/logging/__init__.py", line 1586, in callHandlers
    hdlr.handle(record)
  File "/usr/local/lib/python3.7/logging/__init__.py", line 894, in handle
    self.emit(record)
  File "/home/airflow/.local/lib/python3.7/site-packages/airflow/utils/log/file_task_handler.py", line 80, in emit
    self.handler.emit(record)
  File "/usr/local/lib/python3.7/logging/__init__.py", line 1127, in emit
    StreamHandler.emit(self, record)
  File "/usr/local/lib/python3.7/logging/__init__.py", line 1029, in emit
    self.flush()
  File "/usr/local/lib/python3.7/logging/__init__.py", line 1009, in flush
    self.stream.flush()
  File "/home/airflow/.local/lib/python3.7/site-packages/airflow/models/taskinstance.py", line 1479, in signal_handler
    self.log.error("Received SIGTERM. Terminating subprocesses.")
  File "/usr/local/lib/python3.7/logging/__init__.py", line 1407, in error
    self._log(ERROR, msg, args, **kwargs)
  File "/usr/local/lib/python3.7/logging/__init__.py", line 1514, in _log
    self.handle(record)
  File "/usr/local/lib/python3.7/logging/__init__.py", line 1524, in handle
    self.callHandlers(record)
  File "/usr/local/lib/python3.7/logging/__init__.py", line 1586, in callHandlers
    hdlr.handle(record)
  File "/usr/local/lib/python3.7/logging/__init__.py", line 894, in handle
    self.emit(record)
  File "/home/airflow/.local/lib/python3.7/site-packages/airflow/utils/log/file_task_handler.py", line 80, in emit
    self.handler.emit(record)
  File "/usr/local/lib/python3.7/logging/__init__.py", line 1127, in emit
    StreamHandler.emit(self, record)
  File "/usr/local/lib/python3.7/logging/__init__.py", line 1033, in emit
    self.handleError(record)
  File "/usr/local/lib/python3.7/logging/__init__.py", line 946, in handleError
    sys.stderr.write('--- Logging error ---\n')
  File "/home/airflow/.local/lib/python3.7/site-packages/airflow/utils/log/logging_mixin.py", line 149, in write
    self.flush()
  File "/home/airflow/.local/lib/python3.7/site-packages/airflow/utils/log/logging_mixin.py", line 156, in flush
    self._propagate_log(buf)
  File "/home/airflow/.local/lib/python3.7/site-packages/airflow/utils/log/logging_mixin.py", line 137, in _propagate_log
    self.logger.log(self.level, remove_escape_codes(message))
  File "/usr/local/lib/python3.7/logging/__init__.py", line 1444, in log
    self._log(level, msg, args, **kwargs)
  File "/usr/local/lib/python3.7/logging/__init__.py", line 1514, in _log
    self.handle(record)
  File "/usr/local/lib/python3.7/logging/__init__.py", line 1524, in handle
    self.callHandlers(record)
  File "/usr/local/lib/python3.7/logging/__init__.py", line 1586, in callHandlers
    hdlr.handle(record)
  File "/usr/local/lib/python3.7/logging/__init__.py", line 894, in handle
    self.emit(record)
  File "/home/airflow/.local/lib/python3.7/site-packages/airflow/utils/log/file_task_handler.py", line 80, in emit
    self.handler.emit(record)
  File "/usr/local/lib/python3.7/logging/__init__.py", line 1127, in emit
    StreamHandler.emit(self, record)
  File "/usr/local/lib/python3.7/logging/__init__.py", line 1033, in emit
    self.handleError(record)
  File "/usr/local/lib/python3.7/logging/__init__.py", line 946, in handleError
    sys.stderr.write('--- Logging error ---\n')
  File "/home/airflow/.local/lib/python3.7/site-packages/airflow/utils/log/logging_mixin.py", line 149, in write
    self.flush()
  File "/home/airflow/.local/lib/python3.7/site-packages/airflow/utils/log/logging_mixin.py", line 156, in flush
    self._propagate_log(buf)
  File "/home/airflow/.local/lib/python3.7/site-packages/airflow/utils/log/logging_mixin.py", line 137, in _propagate_log
    self.logger.log(self.level, remove_escape_codes(message))
  File "/usr/local/lib/python3.7/logging/__init__.py", line 1444, in log
    self._log(level, msg, args, **kwargs)
  File "/usr/local/lib/python3.7/logging/__init__.py", line 1514, in _log
    self.handle(record)
  File "/usr/local/lib/python3.7/logging/__init__.py", line 1524, in handle
    self.callHandlers(record)
  File "/usr/local/lib/python3.7/logging/__init__.py", line 1586, in callHandlers
    hdlr.handle(record)
  File "/usr/local/lib/python3.7/logging/__init__.py", line 894, in handle
    self.emit(record)
  File "/home/airflow/.local/lib/python3.7/site-packages/airflow/utils/log/file_task_handler.py", line 80, in emit
    self.handler.emit(record)
  File "/usr/local/lib/python3.7/logging/__init__.py", line 1127, in emit
    StreamHandler.emit(self, record)
  File "/usr/local/lib/python3.7/logging/__init__.py", line 1033, in emit
    self.handleError(record)
  File "/usr/local/lib/python3.7/logging/__init__.py", line 946, in handleError
    sys.stderr.write('--- Logging error ---\n')
  File "/home/airflow/.local/lib/python3.7/site-packages/airflow/utils/log/logging_mixin.py", line 149, in write
    self.flush()
  File "/home/airflow/.local/lib/python3.7/site-packages/airflow/utils/log/logging_mixin.py", line 156, in flush
    self._propagate_log(buf)
  File "/home/airflow/.local/lib/python3.7/site-packages/airflow/utils/log/logging_mixin.py", line 137, in _propagate_log
    self.logger.log(self.level, remove_escape_codes(message))
  File "/usr/local/lib/python3.7/logging/__init__.py", line 1444, in log
    self._log(level, msg, args, **kwargs)
  File "/usr/local/lib/python3.7/logging/__init__.py", line 1514, in _log
    self.handle(record)
  File "/usr/local/lib/python3.7/logging/__init__.py", line 1524, in handle
    self.callHandlers(record)
  File "/usr/local/lib/python3.7/logging/__init__.py", line 1586, in callHandlers
    hdlr.handle(record)
  File "/usr/local/lib/python3.7/logging/__init__.py", line 894, in handle
    self.emit(record)
  File "/home/airflow/.local/lib/python3.7/site-packages/airflow/utils/log/file_task_handler.py", line 80, in emit
    self.handler.emit(record)
  File "/usr/local/lib/python3.7/logging/__init__.py", line 1127, in emit
    StreamHandler.emit(self, record)
  File "/usr/local/lib/python3.7/logging/__init__.py", line 1033, in emit
    self.handleError(record)
  File "/usr/local/lib/python3.7/logging/__init__.py", line 946, in handleError
    sys.stderr.write('--- Logging error ---\n')
  File "/home/airflow/.local/lib/python3.7/site-packages/airflow/utils/log/logging_mixin.py", line 149, in write
    self.flush()
  File "/home/airflow/.local/lib/python3.7/site-packages/airflow/utils/log/logging_mixin.py", line 156, in flush
    self._propagate_log(buf)
  File "/home/airflow/.local/lib/python3.7/site-packages/airflow/utils/log/logging_mixin.py", line 137, in _propagate_log
    self.logger.log(self.level, remove_escape_codes(message))
  File "/usr/local/lib/python3.7/logging/__init__.py", line 1444, in log
    self._log(level, msg, args, **kwargs)
  File "/usr/local/lib/python3.7/logging/__init__.py", line 1514, in _log
    self.handle(record)
  File "/usr/local/lib/python3.7/logging/__init__.py", line 1524, in handle
    self.callHandlers(record)
  File "/usr/local/lib/python3.7/logging/__init__.py", line 1586, in callHandlers
    hdlr.handle(record)
  File "/usr/local/lib/python3.7/logging/__init__.py", line 894, in handle
    self.emit(record)
  File "/home/airflow/.local/lib/python3.7/site-packages/airflow/utils/log/file_task_handler.py", line 80, in emit
    self.handler.emit(record)
  File "/usr/local/lib/python3.7/logging/__init__.py", line 1127, in emit
    StreamHandler.emit(self, record)
  File "/usr/local/lib/python3.7/logging/__init__.py", line 1033, in emit
    self.handleError(record)
  File "/usr/local/lib/python3.7/logging/__init__.py", line 946, in handleError
    sys.stderr.write('--- Logging error ---\n')
  File "/home/airflow/.local/lib/python3.7/site-packages/airflow/utils/log/logging_mixin.py", line 149, in write
    self.flush()
  File "/home/airflow/.local/lib/python3.7/site-packages/airflow/utils/log/logging_mixin.py", line 156, in flush
    self._propagate_log(buf)
  File "/home/airflow/.local/lib/python3.7/site-packages/airflow/utils/log/logging_mixin.py", line 137, in _propagate_log
    self.logger.log(self.level, remove_escape_codes(message))
  File "/usr/local/lib/python3.7/logging/__init__.py", line 1444, in log
    self._log(level, msg, args, **kwargs)
  File "/usr/local/lib/python3.7/logging/__init__.py", line 1514, in _log
    self.handle(record)
  File "/usr/local/lib/python3.7/logging/__init__.py", line 1524, in handle
    self.callHandlers(record)
  File "/usr/local/lib/python3.7/logging/__init__.py", line 1586, in callHandlers
    hdlr.handle(record)
  File "/usr/local/lib/python3.7/logging/__init__.py", line 894, in handle
    self.emit(record)
  File "/home/airflow/.local/lib/python3.7/site-packages/airflow/utils/log/file_task_handler.py", line 80, in emit
    self.handler.emit(record)
  File "/usr/local/lib/python3.7/logging/__init__.py", line 1127, in emit
    StreamHandler.emit(self, record)
  File "/usr/local/lib/python3.7/logging/__init__.py", line 1033, in emit
    self.handleError(record)
  File "/usr/local/lib/python3.7/logging/__init__.py", line 946, in handleError
    sys.stderr.write('--- Logging error ---\n')
  File "/home/airflow/.local/lib/python3.7/site-packages/airflow/utils/log/logging_mixin.py", line 149, in write
    self.flush()
  File "/home/airflow/.local/lib/python3.7/site-packages/airflow/utils/log/logging_mixin.py", line 156, in flush
    self._propagate_log(buf)
  File "/home/airflow/.local/lib/python3.7/site-packages/airflow/utils/log/logging_mixin.py", line 137, in _propagate_log
    self.logger.log(self.level, remove_escape_codes(message))
  File "/usr/local/lib/python3.7/logging/__init__.py", line 1444, in log
    self._log(level, msg, args, **kwargs)
  File "/usr/local/lib/python3.7/logging/__init__.py", line 1514, in _log
    self.handle(record)
  File "/usr/local/lib/python3.7/logging/__init__.py", line 1524, in handle
    self.callHandlers(record)
  File "/usr/local/lib/python3.7/logging/__init__.py", line 1586, in callHandlers
    hdlr.handle(record)
  File "/usr/local/lib/python3.7/logging/__init__.py", line 894, in handle
    self.emit(record)
  File "/home/airflow/.local/lib/python3.7/site-packages/airflow/utils/log/file_task_handler.py", line 80, in emit
    self.handler.emit(record)
  File "/usr/local/lib/python3.7/logging/__init__.py", line 1127, in emit
    StreamHandler.emit(self, record)
  File "/usr/local/lib/python3.7/logging/__init__.py", line 1033, in emit
    self.handleError(record)
  File "/usr/local/lib/python3.7/logging/__init__.py", line 946, in handleError
    sys.stderr.write('--- Logging error ---\n')
  File "/home/airflow/.local/lib/python3.7/site-packages/airflow/utils/log/logging_mixin.py", line 149, in write
    self.flush()
  File "/home/airflow/.local/lib/python3.7/site-packages/airflow/utils/log/logging_mixin.py", line 156, in flush
    self._propagate_log(buf)
  File "/home/airflow/.local/lib/python3.7/site-packages/airflow/utils/log/logging_mixin.py", line 137, in _propagate_log
    self.logger.log(self.level, remove_escape_codes(message))
  File "/usr/local/lib/python3.7/logging/__init__.py", line 1444, in log
    self._log(level, msg, args, **kwargs)
  File "/usr/local/lib/python3.7/logging/__init__.py", line 1514, in _log
    self.handle(record)
  File "/usr/local/lib/python3.7/logging/__init__.py", line 1524, in handle
    self.callHandlers(record)
  File "/usr/local/lib/python3.7/logging/__init__.py", line 1586, in callHandlers
    hdlr.handle(record)
  File "/usr/local/lib/python3.7/logging/__init__.py", line 894, in handle
    self.emit(record)
  File "/home/airflow/.local/lib/python3.7/site-packages/airflow/utils/log/file_task_handler.py", line 80, in emit
    self.handler.emit(record)
  File "/usr/local/lib/python3.7/logging/__init__.py", line 1127, in emit
    StreamHandler.emit(self, record)
  File "/usr/local/lib/python3.7/logging/__init__.py", line 1033, in emit
    self.handleError(record)
  File "/usr/local/lib/python3.7/logging/__init__.py", line 946, in handleError
    sys.stderr.write('--- Logging error ---\n')
  File "/home/airflow/.local/lib/python3.7/site-packages/airflow/utils/log/logging_mixin.py", line 149, in write
    self.flush()
  File "/home/airflow/.local/lib/python3.7/site-packages/airflow/utils/log/logging_mixin.py", line 156, in flush
    self._propagate_log(buf)
  File "/home/airflow/.local/lib/python3.7/site-packages/airflow/utils/log/logging_mixin.py", line 137, in _propagate_log
    self.logger.log(self.level, remove_escape_codes(message))
  File "/usr/local/lib/python3.7/logging/__init__.py", line 1444, in log
    self._log(level, msg, args, **kwargs)
  File "/usr/local/lib/python3.7/logging/__init__.py", line 1514, in _log
    self.handle(record)
  File "/usr/local/lib/python3.7/logging/__init__.py", line 1524, in handle
    self.callHandlers(record)
  File "/usr/local/lib/python3.7/logging/__init__.py", line 1586, in callHandlers
    hdlr.handle(record)
  File "/usr/local/lib/python3.7/logging/__init__.py", line 894, in handle
    self.emit(record)
  File "/home/airflow/.local/lib/python3.7/site-packages/airflow/utils/log/file_task_handler.py", line 80, in emit
    self.handler.emit(record)
  File "/usr/local/lib/python3.7/logging/__init__.py", line 1127, in emit
    StreamHandler.emit(self, record)
  File "/usr/local/lib/python3.7/logging/__init__.py", line 1033, in emit
    self.handleError(record)
  File "/usr/local/lib/python3.7/logging/__init__.py", line 946, in handleError
    sys.stderr.write('--- Logging error ---\n')
  File "/home/airflow/.local/lib/python3.7/site-packages/airflow/utils/log/logging_mixin.py", line 149, in write
    self.flush()
  File "/home/airflow/.local/lib/python3.7/site-packages/airflow/utils/log/logging_mixin.py", line 156, in flush
    self._propagate_log(buf)
  File "/home/airflow/.local/lib/python3.7/site-packages/airflow/utils/log/logging_mixin.py", line 137, in _propagate_log
    self.logger.log(self.level, remove_escape_codes(message))
  File "/usr/local/lib/python3.7/logging/__init__.py", line 1444, in log
    self._log(level, msg, args, **kwargs)
  File "/usr/local/lib/python3.7/logging/__init__.py", line 1514, in _log
    self.handle(record)
  File "/usr/local/lib/python3.7/logging/__init__.py", line 1524, in handle
    self.callHandlers(record)
  File "/usr/local/lib/python3.7/logging/__init__.py", line 1586, in callHandlers
    hdlr.handle(record)
  File "/usr/local/lib/python3.7/logging/__init__.py", line 894, in handle
    self.emit(record)
  File "/home/airflow/.local/lib/python3.7/site-packages/airflow/utils/log/file_task_handler.py", line 80, in emit
    self.handler.emit(record)
  File "/usr/local/lib/python3.7/logging/__init__.py", line 1127, in emit
    StreamHandler.emit(self, record)
  File "/usr/local/lib/python3.7/logging/__init__.py", line 1033, in emit
    self.handleError(record)
  File "/usr/local/lib/python3.7/logging/__init__.py", line 946, in handleError
    sys.stderr.write('--- Logging error ---\n')
  File "/home/airflow/.local/lib/python3.7/site-packages/airflow/utils/log/logging_mixin.py", line 149, in write
    self.flush()
  File "/home/airflow/.local/lib/python3.7/site-packages/airflow/utils/log/logging_mixin.py", line 156, in flush
    self._propagate_log(buf)
  File "/home/airflow/.local/lib/python3.7/site-packages/airflow/utils/log/logging_mixin.py", line 137, in _propagate_log
    self.logger.log(self.level, remove_escape_codes(message))
  File "/usr/local/lib/python3.7/logging/__init__.py", line 1444, in log
    self._log(level, msg, args, **kwargs)
  File "/usr/local/lib/python3.7/logging/__init__.py", line 1514, in _log
    self.handle(record)
  File "/usr/local/lib/python3.7/logging/__init__.py", line 1524, in handle
    self.callHandlers(record)
  File "/usr/local/lib/python3.7/logging/__init__.py", line 1586, in callHandlers
    hdlr.handle(record)
  File "/usr/local/lib/python3.7/logging/__init__.py", line 894, in handle
    self.emit(record)
  File "/home/airflow/.local/lib/python3.7/site-packages/airflow/utils/log/file_task_handler.py", line 80, in emit
    self.handler.emit(record)
  File "/usr/local/lib/python3.7/logging/__init__.py", line 1127, in emit
    StreamHandler.emit(self, record)
  File "/usr/local/lib/python3.7/logging/__init__.py", line 1033, in emit
    self.handleError(record)
  File "/usr/local/lib/python3.7/logging/__init__.py", line 946, in handleError
    sys.stderr.write('--- Logging error ---\n')
  File "/home/airflow/.local/lib/python3.7/site-packages/airflow/utils/log/logging_mixin.py", line 149, in write
    self.flush()
  File "/home/airflow/.local/lib/python3.7/site-packages/airflow/utils/log/logging_mixin.py", line 156, in flush
    self._propagate_log(buf)
  File "/home/airflow/.local/lib/python3.7/site-packages/airflow/utils/log/logging_mixin.py", line 137, in _propagate_log
    self.logger.log(self.level, remove_escape_codes(message))
  File "/usr/local/lib/python3.7/logging/__init__.py", line 1444, in log
    self._log(level, msg, args, **kwargs)
  File "/usr/local/lib/python3.7/logging/__init__.py", line 1514, in _log
    self.handle(record)
  File "/usr/local/lib/python3.7/logging/__init__.py", line 1524, in handle
    self.callHandlers(record)
  File "/usr/local/lib/python3.7/logging/__init__.py", line 1586, in callHandlers
    hdlr.handle(record)
  File "/usr/local/lib/python3.7/logging/__init__.py", line 894, in handle
    self.emit(record)
  File "/home/airflow/.local/lib/python3.7/site-packages/airflow/utils/log/file_task_handler.py", line 80, in emit
    self.handler.emit(record)
  File "/usr/local/lib/python3.7/logging/__init__.py", line 1127, in emit
    StreamHandler.emit(self, record)
  File "/usr/local/lib/python3.7/logging/__init__.py", line 1033, in emit
    self.handleError(record)
  File "/usr/local/lib/python3.7/logging/__init__.py", line 946, in handleError
    sys.stderr.write('--- Logging error ---\n')
  File "/home/airflow/.local/lib/python3.7/site-packages/airflow/utils/log/logging_mixin.py", line 149, in write
    self.flush()
  File "/home/airflow/.local/lib/python3.7/site-packages/airflow/utils/log/logging_mixin.py", line 156, in flush
    self._propagate_log(buf)
  File "/home/airflow/.local/lib/python3.7/site-packages/airflow/utils/log/logging_mixin.py", line 137, in _propagate_log
    self.logger.log(self.level, remove_escape_codes(message))
  File "/usr/local/lib/python3.7/logging/__init__.py", line 1444, in log
    self._log(level, msg, args, **kwargs)
  File "/usr/local/lib/python3.7/logging/__init__.py", line 1514, in _log
    self.handle(record)
  File "/usr/local/lib/python3.7/logging/__init__.py", line 1524, in handle
    self.callHandlers(record)
  File "/usr/local/lib/python3.7/logging/__init__.py", line 1586, in callHandlers
    hdlr.handle(record)
  File "/usr/local/lib/python3.7/logging/__init__.py", line 894, in handle
    self.emit(record)
  File "/home/airflow/.local/lib/python3.7/site-packages/airflow/utils/log/file_task_handler.py", line 80, in emit
    self.handler.emit(record)
  File "/usr/local/lib/python3.7/logging/__init__.py", line 1127, in emit
    StreamHandler.emit(self, record)
  File "/usr/local/lib/python3.7/logging/__init__.py", line 1033, in emit
    self.handleError(record)
  File "/usr/local/lib/python3.7/logging/__init__.py", line 946, in handleError
    sys.stderr.write('--- Logging error ---\n')
  File "/home/airflow/.local/lib/python3.7/site-packages/airflow/utils/log/logging_mixin.py", line 149, in write
    self.flush()
  File "/home/airflow/.local/lib/python3.7/site-packages/airflow/utils/log/logging_mixin.py", line 156, in flush
    self._propagate_log(buf)
  File "/home/airflow/.local/lib/python3.7/site-packages/airflow/utils/log/logging_mixin.py", line 137, in _propagate_log
    self.logger.log(self.level, remove_escape_codes(message))
  File "/usr/local/lib/python3.7/logging/__init__.py", line 1444, in log
    self._log(level, msg, args, **kwargs)
  File "/usr/local/lib/python3.7/logging/__init__.py", line 1514, in _log
    self.handle(record)
  File "/usr/local/lib/python3.7/logging/__init__.py", line 1524, in handle
    self.callHandlers(record)
  File "/usr/local/lib/python3.7/logging/__init__.py", line 1586, in callHandlers
    hdlr.handle(record)
  File "/usr/local/lib/python3.7/logging/__init__.py", line 894, in handle
    self.emit(record)
  File "/home/airflow/.local/lib/python3.7/site-packages/airflow/utils/log/file_task_handler.py", line 80, in emit
    self.handler.emit(record)
  File "/usr/local/lib/python3.7/logging/__init__.py", line 1127, in emit
    StreamHandler.emit(self, record)
  File "/usr/local/lib/python3.7/logging/__init__.py", line 1033, in emit
    self.handleError(record)
  File "/usr/local/lib/python3.7/logging/__init__.py", line 946, in handleError
    sys.stderr.write('--- Logging error ---\n')
  File "/home/airflow/.local/lib/python3.7/site-packages/airflow/utils/log/logging_mixin.py", line 149, in write
    self.flush()
  File "/home/airflow/.local/lib/python3.7/site-packages/airflow/utils/log/logging_mixin.py", line 156, in flush
    self._propagate_log(buf)
  File "/home/airflow/.local/lib/python3.7/site-packages/airflow/utils/log/logging_mixin.py", line 137, in _propagate_log
    self.logger.log(self.level, remove_escape_codes(message))
  File "/usr/local/lib/python3.7/logging/__init__.py", line 1444, in log
    self._log(level, msg, args, **kwargs)
  File "/usr/local/lib/python3.7/logging/__init__.py", line 1514, in _log
    self.handle(record)
  File "/usr/local/lib/python3.7/logging/__init__.py", line 1524, in handle
    self.callHandlers(record)
  File "/usr/local/lib/python3.7/logging/__init__.py", line 1586, in callHandlers
    hdlr.handle(record)
  File "/usr/local/lib/python3.7/logging/__init__.py", line 894, in handle
    self.emit(record)
  File "/home/airflow/.local/lib/python3.7/site-packages/airflow/utils/log/file_task_handler.py", line 80, in emit
    self.handler.emit(record)
  File "/usr/local/lib/python3.7/logging/__init__.py", line 1127, in emit
    StreamHandler.emit(self, record)
  File "/usr/local/lib/python3.7/logging/__init__.py", line 1033, in emit
    self.handleError(record)
  File "/usr/local/lib/python3.7/logging/__init__.py", line 946, in handleError
    sys.stderr.write('--- Logging error ---\n')
  File "/home/airflow/.local/lib/python3.7/site-packages/airflow/utils/log/logging_mixin.py", line 149, in write
    self.flush()
  File "/home/airflow/.local/lib/python3.7/site-packages/airflow/utils/log/logging_mixin.py", line 156, in flush
    self._propagate_log(buf)
  File "/home/airflow/.local/lib/python3.7/site-packages/airflow/utils/log/logging_mixin.py", line 137, in _propagate_log
    self.logger.log(self.level, remove_escape_codes(message))
  File "/usr/local/lib/python3.7/logging/__init__.py", line 1444, in log
    self._log(level, msg, args, **kwargs)
  File "/usr/local/lib/python3.7/logging/__init__.py", line 1514, in _log
    self.handle(record)
  File "/usr/local/lib/python3.7/logging/__init__.py", line 1524, in handle
    self.callHandlers(record)
  File "/usr/local/lib/python3.7/logging/__init__.py", line 1586, in callHandlers
    hdlr.handle(record)
  File "/usr/local/lib/python3.7/logging/__init__.py", line 894, in handle
    self.emit(record)
  File "/home/airflow/.local/lib/python3.7/site-packages/airflow/utils/log/file_task_handler.py", line 80, in emit
    self.handler.emit(record)
  File "/usr/local/lib/python3.7/logging/__init__.py", line 1127, in emit
    StreamHandler.emit(self, record)
  File "/usr/local/lib/python3.7/logging/__init__.py", line 1033, in emit
    self.handleError(record)
  File "/usr/local/lib/python3.7/logging/__init__.py", line 946, in handleError
    sys.stderr.write('--- Logging error ---\n')
  File "/home/airflow/.local/lib/python3.7/site-packages/airflow/utils/log/logging_mixin.py", line 149, in write
    self.flush()
  File "/home/airflow/.local/lib/python3.7/site-packages/airflow/utils/log/logging_mixin.py", line 156, in flush
    self._propagate_log(buf)
  File "/home/airflow/.local/lib/python3.7/site-packages/airflow/utils/log/logging_mixin.py", line 137, in _propagate_log
    self.logger.log(self.level, remove_escape_codes(message))
  File "/usr/local/lib/python3.7/logging/__init__.py", line 1444, in log
    self._log(level, msg, args, **kwargs)
  File "/usr/local/lib/python3.7/logging/__init__.py", line 1514, in _log
    self.handle(record)
  File "/usr/local/lib/python3.7/logging/__init__.py", line 1524, in handle
    self.callHandlers(record)
  File "/usr/local/lib/python3.7/logging/__init__.py", line 1586, in callHandlers
    hdlr.handle(record)
  File "/usr/local/lib/python3.7/logging/__init__.py", line 894, in handle
    self.emit(record)
  File "/home/airflow/.local/lib/python3.7/site-packages/airflow/utils/log/file_task_handler.py", line 80, in emit
    self.handler.emit(record)
  File "/usr/local/lib/python3.7/logging/__init__.py", line 1127, in emit
    StreamHandler.emit(self, record)
  File "/usr/local/lib/python3.7/logging/__init__.py", line 1033, in emit
    self.handleError(record)
  File "/usr/local/lib/python3.7/logging/__init__.py", line 946, in handleError
    sys.stderr.write('--- Logging error ---\n')
  File "/home/airflow/.local/lib/python3.7/site-packages/airflow/utils/log/logging_mixin.py", line 149, in write
    self.flush()
  File "/home/airflow/.local/lib/python3.7/site-packages/airflow/utils/log/logging_mixin.py", line 156, in flush
    self._propagate_log(buf)
  File "/home/airflow/.local/lib/python3.7/site-packages/airflow/utils/log/logging_mixin.py", line 137, in _propagate_log
    self.logger.log(self.level, remove_escape_codes(message))
  File "/usr/local/lib/python3.7/logging/__init__.py", line 1444, in log
    self._log(level, msg, args, **kwargs)
  File "/usr/local/lib/python3.7/logging/__init__.py", line 1514, in _log
    self.handle(record)
  File "/usr/local/lib/python3.7/logging/__init__.py", line 1524, in handle
    self.callHandlers(record)
  File "/usr/local/lib/python3.7/logging/__init__.py", line 1586, in callHandlers
    hdlr.handle(record)
  File "/usr/local/lib/python3.7/logging/__init__.py", line 894, in handle
    self.emit(record)
  File "/home/airflow/.local/lib/python3.7/site-packages/airflow/utils/log/file_task_handler.py", line 80, in emit
    self.handler.emit(record)
  File "/usr/local/lib/python3.7/logging/__init__.py", line 1127, in emit
    StreamHandler.emit(self, record)
  File "/usr/local/lib/python3.7/logging/__init__.py", line 1033, in emit
    self.handleError(record)
  File "/usr/local/lib/python3.7/logging/__init__.py", line 946, in handleError
    sys.stderr.write('--- Logging error ---\n')
  File "/home/airflow/.local/lib/python3.7/site-packages/airflow/utils/log/logging_mixin.py", line 149, in write
    self.flush()
  File "/home/airflow/.local/lib/python3.7/site-packages/airflow/utils/log/logging_mixin.py", line 156, in flush
    self._propagate_log(buf)
  File "/home/airflow/.local/lib/python3.7/site-packages/airflow/utils/log/logging_mixin.py", line 137, in _propagate_log
    self.logger.log(self.level, remove_escape_codes(message))
  File "/usr/local/lib/python3.7/logging/__init__.py", line 1444, in log
    self._log(level, msg, args, **kwargs)
  File "/usr/local/lib/python3.7/logging/__init__.py", line 1514, in _log
    self.handle(record)
  File "/usr/local/lib/python3.7/logging/__init__.py", line 1524, in handle
    self.callHandlers(record)
  File "/usr/local/lib/python3.7/logging/__init__.py", line 1586, in callHandlers
    hdlr.handle(record)
  File "/usr/local/lib/python3.7/logging/__init__.py", line 894, in handle
    self.emit(record)
  File "/home/airflow/.local/lib/python3.7/site-packages/airflow/utils/log/file_task_handler.py", line 80, in emit
    self.handler.emit(record)
  File "/usr/local/lib/python3.7/logging/__init__.py", line 1127, in emit
    StreamHandler.emit(self, record)
  File "/usr/local/lib/python3.7/logging/__init__.py", line 1033, in emit
    self.handleError(record)
  File "/usr/local/lib/python3.7/logging/__init__.py", line 946, in handleError
    sys.stderr.write('--- Logging error ---\n')
  File "/home/airflow/.local/lib/python3.7/site-packages/airflow/utils/log/logging_mixin.py", line 149, in write
    self.flush()
  File "/home/airflow/.local/lib/python3.7/site-packages/airflow/utils/log/logging_mixin.py", line 156, in flush
    self._propagate_log(buf)
  File "/home/airflow/.local/lib/python3.7/site-packages/airflow/utils/log/logging_mixin.py", line 137, in _propagate_log
    self.logger.log(self.level, remove_escape_codes(message))
  File "/usr/local/lib/python3.7/logging/__init__.py", line 1444, in log
    self._log(level, msg, args, **kwargs)
  File "/usr/local/lib/python3.7/logging/__init__.py", line 1514, in _log
    self.handle(record)
  File "/usr/local/lib/python3.7/logging/__init__.py", line 1524, in handle
    self.callHandlers(record)
  File "/usr/local/lib/python3.7/logging/__init__.py", line 1586, in callHandlers
    hdlr.handle(record)
  File "/usr/local/lib/python3.7/logging/__init__.py", line 894, in handle
    self.emit(record)
  File "/home/airflow/.local/lib/python3.7/site-packages/airflow/utils/log/file_task_handler.py", line 80, in emit
    self.handler.emit(record)
  File "/usr/local/lib/python3.7/logging/__init__.py", line 1127, in emit
    StreamHandler.emit(self, record)
  File "/usr/local/lib/python3.7/logging/__init__.py", line 1033, in emit
    self.handleError(record)
  File "/usr/local/lib/python3.7/logging/__init__.py", line 946, in handleError
    sys.stderr.write('--- Logging error ---\n')
  File "/home/airflow/.local/lib/python3.7/site-packages/airflow/utils/log/logging_mixin.py", line 149, in write
    self.flush()
  File "/home/airflow/.local/lib/python3.7/site-packages/airflow/utils/log/logging_mixin.py", line 156, in flush
    self._propagate_log(buf)
  File "/home/airflow/.local/lib/python3.7/site-packages/airflow/utils/log/logging_mixin.py", line 137, in _propagate_log
    self.logger.log(self.level, remove_escape_codes(message))
  File "/usr/local/lib/python3.7/logging/__init__.py", line 1444, in log
    self._log(level, msg, args, **kwargs)
  File "/usr/local/lib/python3.7/logging/__init__.py", line 1514, in _log
    self.handle(record)
  File "/usr/local/lib/python3.7/logging/__init__.py", line 1524, in handle
    self.callHandlers(record)
  File "/usr/local/lib/python3.7/logging/__init__.py", line 1586, in callHandlers
    hdlr.handle(record)
  File "/usr/local/lib/python3.7/logging/__init__.py", line 894, in handle
    self.emit(record)
  File "/home/airflow/.local/lib/python3.7/site-packages/airflow/utils/log/file_task_handler.py", line 80, in emit
    self.handler.emit(record)
  File "/usr/local/lib/python3.7/logging/__init__.py", line 1127, in emit
    StreamHandler.emit(self, record)
  File "/usr/local/lib/python3.7/logging/__init__.py", line 1033, in emit
    self.handleError(record)
  File "/usr/local/lib/python3.7/logging/__init__.py", line 946, in handleError
    sys.stderr.write('--- Logging error ---\n')
  File "/home/airflow/.local/lib/python3.7/site-packages/airflow/utils/log/logging_mixin.py", line 149, in write
    self.flush()
  File "/home/airflow/.local/lib/python3.7/site-packages/airflow/utils/log/logging_mixin.py", line 156, in flush
    self._propagate_log(buf)
  File "/home/airflow/.local/lib/python3.7/site-packages/airflow/utils/log/logging_mixin.py", line 137, in _propagate_log
    self.logger.log(self.level, remove_escape_codes(message))
  File "/usr/local/lib/python3.7/logging/__init__.py", line 1444, in log
    self._log(level, msg, args, **kwargs)
  File "/usr/local/lib/python3.7/logging/__init__.py", line 1514, in _log
    self.handle(record)
  File "/usr/local/lib/python3.7/logging/__init__.py", line 1524, in handle
    self.callHandlers(record)
  File "/usr/local/lib/python3.7/logging/__init__.py", line 1586, in callHandlers
    hdlr.handle(record)
  File "/usr/local/lib/python3.7/logging/__init__.py", line 894, in handle
    self.emit(record)
  File "/home/airflow/.local/lib/python3.7/site-packages/airflow/utils/log/file_task_handler.py", line 80, in emit
    self.handler.emit(record)
  File "/usr/local/lib/python3.7/logging/__init__.py", line 1127, in emit
    StreamHandler.emit(self, record)
  File "/usr/local/lib/python3.7/logging/__init__.py", line 1033, in emit
    self.handleError(record)
  File "/usr/local/lib/python3.7/logging/__init__.py", line 946, in handleError
    sys.stderr.write('--- Logging error ---\n')
  File "/home/airflow/.local/lib/python3.7/site-packages/airflow/utils/log/logging_mixin.py", line 149, in write
    self.flush()
  File "/home/airflow/.local/lib/python3.7/site-packages/airflow/utils/log/logging_mixin.py", line 156, in flush
    self._propagate_log(buf)
  File "/home/airflow/.local/lib/python3.7/site-packages/airflow/utils/log/logging_mixin.py", line 137, in _propagate_log
    self.logger.log(self.level, remove_escape_codes(message))
  File "/usr/local/lib/python3.7/logging/__init__.py", line 1444, in log
    self._log(level, msg, args, **kwargs)
  File "/usr/local/lib/python3.7/logging/__init__.py", line 1514, in _log
    self.handle(record)
  File "/usr/local/lib/python3.7/logging/__init__.py", line 1524, in handle
    self.callHandlers(record)
  File "/usr/local/lib/python3.7/logging/__init__.py", line 1586, in callHandlers
    hdlr.handle(record)
  File "/usr/local/lib/python3.7/logging/__init__.py", line 894, in handle
    self.emit(record)
  File "/home/airflow/.local/lib/python3.7/site-packages/airflow/utils/log/file_task_handler.py", line 80, in emit
    self.handler.emit(record)
  File "/usr/local/lib/python3.7/logging/__init__.py", line 1127, in emit
    StreamHandler.emit(self, record)
  File "/usr/local/lib/python3.7/logging/__init__.py", line 1033, in emit
    self.handleError(record)
  File "/usr/local/lib/python3.7/logging/__init__.py", line 946, in handleError
    sys.stderr.write('--- Logging error ---\n')
  File "/home/airflow/.local/lib/python3.7/site-packages/airflow/utils/log/logging_mixin.py", line 149, in write
    self.flush()
  File "/home/airflow/.local/lib/python3.7/site-packages/airflow/utils/log/logging_mixin.py", line 156, in flush
    self._propagate_log(buf)
  File "/home/airflow/.local/lib/python3.7/site-packages/airflow/utils/log/logging_mixin.py", line 137, in _propagate_log
    self.logger.log(self.level, remove_escape_codes(message))
  File "/usr/local/lib/python3.7/logging/__init__.py", line 1444, in log
    self._log(level, msg, args, **kwargs)
  File "/usr/local/lib/python3.7/logging/__init__.py", line 1514, in _log
    self.handle(record)
  File "/usr/local/lib/python3.7/logging/__init__.py", line 1524, in handle
    self.callHandlers(record)
  File "/usr/local/lib/python3.7/logging/__init__.py", line 1586, in callHandlers
    hdlr.handle(record)
  File "/usr/local/lib/python3.7/logging/__init__.py", line 894, in handle
    self.emit(record)
  File "/home/airflow/.local/lib/python3.7/site-packages/airflow/utils/log/file_task_handler.py", line 80, in emit
    self.handler.emit(record)
  File "/usr/local/lib/python3.7/logging/__init__.py", line 1127, in emit
    StreamHandler.emit(self, record)
  File "/usr/local/lib/python3.7/logging/__init__.py", line 1033, in emit
    self.handleError(record)
  File "/usr/local/lib/python3.7/logging/__init__.py", line 946, in handleError
    sys.stderr.write('--- Logging error ---\n')
  File "/home/airflow/.local/lib/python3.7/site-packages/airflow/utils/log/logging_mixin.py", line 149, in write
    self.flush()
  File "/home/airflow/.local/lib/python3.7/site-packages/airflow/utils/log/logging_mixin.py", line 156, in flush
    self._propagate_log(buf)
  File "/home/airflow/.local/lib/python3.7/site-packages/airflow/utils/log/logging_mixin.py", line 137, in _propagate_log
    self.logger.log(self.level, remove_escape_codes(message))
  File "/usr/local/lib/python3.7/logging/__init__.py", line 1444, in log
    self._log(level, msg, args, **kwargs)
  File "/usr/local/lib/python3.7/logging/__init__.py", line 1514, in _log
    self.handle(record)
  File "/usr/local/lib/python3.7/logging/__init__.py", line 1524, in handle
    self.callHandlers(record)
  File "/usr/local/lib/python3.7/logging/__init__.py", line 1586, in callHandlers
    hdlr.handle(record)
  File "/usr/local/lib/python3.7/logging/__init__.py", line 894, in handle
    self.emit(record)
  File "/home/airflow/.local/lib/python3.7/site-packages/airflow/utils/log/file_task_handler.py", line 80, in emit
    self.handler.emit(record)
  File "/usr/local/lib/python3.7/logging/__init__.py", line 1127, in emit
    StreamHandler.emit(self, record)
  File "/usr/local/lib/python3.7/logging/__init__.py", line 1033, in emit
    self.handleError(record)
  File "/usr/local/lib/python3.7/logging/__init__.py", line 946, in handleError
    sys.stderr.write('--- Logging error ---\n')
  File "/home/airflow/.local/lib/python3.7/site-packages/airflow/utils/log/logging_mixin.py", line 149, in write
    self.flush()
  File "/home/airflow/.local/lib/python3.7/site-packages/airflow/utils/log/logging_mixin.py", line 156, in flush
    self._propagate_log(buf)
  File "/home/airflow/.local/lib/python3.7/site-packages/airflow/utils/log/logging_mixin.py", line 137, in _propagate_log
    self.logger.log(self.level, remove_escape_codes(message))
  File "/usr/local/lib/python3.7/logging/__init__.py", line 1444, in log
    self._log(level, msg, args, **kwargs)
  File "/usr/local/lib/python3.7/logging/__init__.py", line 1514, in _log
    self.handle(record)
  File "/usr/local/lib/python3.7/logging/__init__.py", line 1524, in handle
    self.callHandlers(record)
  File "/usr/local/lib/python3.7/logging/__init__.py", line 1586, in callHandlers
    hdlr.handle(record)
  File "/usr/local/lib/python3.7/logging/__init__.py", line 894, in handle
    self.emit(record)
  File "/home/airflow/.local/lib/python3.7/site-packages/airflow/utils/log/file_task_handler.py", line 80, in emit
    self.handler.emit(record)
  File "/usr/local/lib/python3.7/logging/__init__.py", line 1127, in emit
    StreamHandler.emit(self, record)
  File "/usr/local/lib/python3.7/logging/__init__.py", line 1033, in emit
    self.handleError(record)
  File "/usr/local/lib/python3.7/logging/__init__.py", line 946, in handleError
    sys.stderr.write('--- Logging error ---\n')
  File "/home/airflow/.local/lib/python3.7/site-packages/airflow/utils/log/logging_mixin.py", line 149, in write
    self.flush()
  File "/home/airflow/.local/lib/python3.7/site-packages/airflow/utils/log/logging_mixin.py", line 156, in flush
    self._propagate_log(buf)
  File "/home/airflow/.local/lib/python3.7/site-packages/airflow/utils/log/logging_mixin.py", line 137, in _propagate_log
    self.logger.log(self.level, remove_escape_codes(message))
  File "/usr/local/lib/python3.7/logging/__init__.py", line 1444, in log
    self._log(level, msg, args, **kwargs)
  File "/usr/local/lib/python3.7/logging/__init__.py", line 1514, in _log
    self.handle(record)
  File "/usr/local/lib/python3.7/logging/__init__.py", line 1524, in handle
    self.callHandlers(record)
  File "/usr/local/lib/python3.7/logging/__init__.py", line 1586, in callHandlers
    hdlr.handle(record)
  File "/usr/local/lib/python3.7/logging/__init__.py", line 894, in handle
    self.emit(record)
  File "/home/airflow/.local/lib/python3.7/site-packages/airflow/utils/log/file_task_handler.py", line 80, in emit
    self.handler.emit(record)
  File "/usr/local/lib/python3.7/logging/__init__.py", line 1127, in emit
    StreamHandler.emit(self, record)
  File "/usr/local/lib/python3.7/logging/__init__.py", line 1033, in emit
    self.handleError(record)
  File "/usr/local/lib/python3.7/logging/__init__.py", line 946, in handleError
    sys.stderr.write('--- Logging error ---\n')
  File "/home/airflow/.local/lib/python3.7/site-packages/airflow/utils/log/logging_mixin.py", line 149, in write
    self.flush()
  File "/home/airflow/.local/lib/python3.7/site-packages/airflow/utils/log/logging_mixin.py", line 156, in flush
    self._propagate_log(buf)
  File "/home/airflow/.local/lib/python3.7/site-packages/airflow/utils/log/logging_mixin.py", line 137, in _propagate_log
    self.logger.log(self.level, remove_escape_codes(message))
  File "/usr/local/lib/python3.7/logging/__init__.py", line 1444, in log
    self._log(level, msg, args, **kwargs)
  File "/usr/local/lib/python3.7/logging/__init__.py", line 1514, in _log
    self.handle(record)
  File "/usr/local/lib/python3.7/logging/__init__.py", line 1524, in handle
    self.callHandlers(record)
  File "/usr/local/lib/python3.7/logging/__init__.py", line 1586, in callHandlers
    hdlr.handle(record)
  File "/usr/local/lib/python3.7/logging/__init__.py", line 894, in handle
    self.emit(record)
  File "/home/airflow/.local/lib/python3.7/site-packages/airflow/utils/log/file_task_handler.py", line 80, in emit
    self.handler.emit(record)
  File "/usr/local/lib/python3.7/logging/__init__.py", line 1127, in emit
    StreamHandler.emit(self, record)
  File "/usr/local/lib/python3.7/logging/__init__.py", line 1033, in emit
    self.handleError(record)
  File "/usr/local/lib/python3.7/logging/__init__.py", line 946, in handleError
    sys.stderr.write('--- Logging error ---\n')
  File "/home/airflow/.local/lib/python3.7/site-packages/airflow/utils/log/logging_mixin.py", line 149, in write
    self.flush()
  File "/home/airflow/.local/lib/python3.7/site-packages/airflow/utils/log/logging_mixin.py", line 156, in flush
    self._propagate_log(buf)
  File "/home/airflow/.local/lib/python3.7/site-packages/airflow/utils/log/logging_mixin.py", line 137, in _propagate_log
    self.logger.log(self.level, remove_escape_codes(message))
  File "/usr/local/lib/python3.7/logging/__init__.py", line 1444, in log
    self._log(level, msg, args, **kwargs)
  File "/usr/local/lib/python3.7/logging/__init__.py", line 1514, in _log
    self.handle(record)
  File "/usr/local/lib/python3.7/logging/__init__.py", line 1524, in handle
    self.callHandlers(record)
  File "/usr/local/lib/python3.7/logging/__init__.py", line 1586, in callHandlers
    hdlr.handle(record)
  File "/usr/local/lib/python3.7/logging/__init__.py", line 894, in handle
    self.emit(record)
  File "/home/airflow/.local/lib/python3.7/site-packages/airflow/utils/log/file_task_handler.py", line 80, in emit
    self.handler.emit(record)
  File "/usr/local/lib/python3.7/logging/__init__.py", line 1127, in emit
    StreamHandler.emit(self, record)
  File "/usr/local/lib/python3.7/logging/__init__.py", line 1033, in emit
    self.handleError(record)
  File "/usr/local/lib/python3.7/logging/__init__.py", line 946, in handleError
    sys.stderr.write('--- Logging error ---\n')
  File "/home/airflow/.local/lib/python3.7/site-packages/airflow/utils/log/logging_mixin.py", line 149, in write
    self.flush()
  File "/home/airflow/.local/lib/python3.7/site-packages/airflow/utils/log/logging_mixin.py", line 156, in flush
    self._propagate_log(buf)
  File "/home/airflow/.local/lib/python3.7/site-packages/airflow/utils/log/logging_mixin.py", line 137, in _propagate_log
    self.logger.log(self.level, remove_escape_codes(message))
  File "/usr/local/lib/python3.7/logging/__init__.py", line 1444, in log
    self._log(level, msg, args, **kwargs)
  File "/usr/local/lib/python3.7/logging/__init__.py", line 1514, in _log
    self.handle(record)
  File "/usr/local/lib/python3.7/logging/__init__.py", line 1524, in handle
    self.callHandlers(record)
  File "/usr/local/lib/python3.7/logging/__init__.py", line 1586, in callHandlers
    hdlr.handle(record)
  File "/usr/local/lib/python3.7/logging/__init__.py", line 894, in handle
    self.emit(record)
  File "/home/airflow/.local/lib/python3.7/site-packages/airflow/utils/log/file_task_handler.py", line 80, in emit
    self.handler.emit(record)
  File "/usr/local/lib/python3.7/logging/__init__.py", line 1127, in emit
    StreamHandler.emit(self, record)
  File "/usr/local/lib/python3.7/logging/__init__.py", line 1033, in emit
    self.handleError(record)
  File "/usr/local/lib/python3.7/logging/__init__.py", line 946, in handleError
    sys.stderr.write('--- Logging error ---\n')
  File "/home/airflow/.local/lib/python3.7/site-packages/airflow/utils/log/logging_mixin.py", line 149, in write
    self.flush()
  File "/home/airflow/.local/lib/python3.7/site-packages/airflow/utils/log/logging_mixin.py", line 156, in flush
    self._propagate_log(buf)
  File "/home/airflow/.local/lib/python3.7/site-packages/airflow/utils/log/logging_mixin.py", line 137, in _propagate_log
    self.logger.log(self.level, remove_escape_codes(message))
  File "/usr/local/lib/python3.7/logging/__init__.py", line 1444, in log
    self._log(level, msg, args, **kwargs)
  File "/usr/local/lib/python3.7/logging/__init__.py", line 1514, in _log
    self.handle(record)
  File "/usr/local/lib/python3.7/logging/__init__.py", line 1524, in handle
    self.callHandlers(record)
  File "/usr/local/lib/python3.7/logging/__init__.py", line 1586, in callHandlers
    hdlr.handle(record)
  File "/usr/local/lib/python3.7/logging/__init__.py", line 894, in handle
    self.emit(record)
  File "/home/airflow/.local/lib/python3.7/site-packages/airflow/utils/log/file_task_handler.py", line 80, in emit
    self.handler.emit(record)
  File "/usr/local/lib/python3.7/logging/__init__.py", line 1127, in emit
    StreamHandler.emit(self, record)
  File "/usr/local/lib/python3.7/logging/__init__.py", line 1033, in emit
    self.handleError(record)
  File "/usr/local/lib/python3.7/logging/__init__.py", line 946, in handleError
    sys.stderr.write('--- Logging error ---\n')
  File "/home/airflow/.local/lib/python3.7/site-packages/airflow/utils/log/logging_mixin.py", line 149, in write
    self.flush()
  File "/home/airflow/.local/lib/python3.7/site-packages/airflow/utils/log/logging_mixin.py", line 156, in flush
    self._propagate_log(buf)
  File "/home/airflow/.local/lib/python3.7/site-packages/airflow/utils/log/logging_mixin.py", line 137, in _propagate_log
    self.logger.log(self.level, remove_escape_codes(message))
  File "/usr/local/lib/python3.7/logging/__init__.py", line 1444, in log
    self._log(level, msg, args, **kwargs)
  File "/usr/local/lib/python3.7/logging/__init__.py", line 1514, in _log
    self.handle(record)
  File "/usr/local/lib/python3.7/logging/__init__.py", line 1524, in handle
    self.callHandlers(record)
  File "/usr/local/lib/python3.7/logging/__init__.py", line 1586, in callHandlers
    hdlr.handle(record)
  File "/usr/local/lib/python3.7/logging/__init__.py", line 894, in handle
    self.emit(record)
  File "/home/airflow/.local/lib/python3.7/site-packages/airflow/utils/log/file_task_handler.py", line 80, in emit
    self.handler.emit(record)
  File "/usr/local/lib/python3.7/logging/__init__.py", line 1127, in emit
    StreamHandler.emit(self, record)
  File "/usr/local/lib/python3.7/logging/__init__.py", line 1033, in emit
    self.handleError(record)
  File "/usr/local/lib/python3.7/logging/__init__.py", line 946, in handleError
    sys.stderr.write('--- Logging error ---\n')
  File "/home/airflow/.local/lib/python3.7/site-packages/airflow/utils/log/logging_mixin.py", line 149, in write
    self.flush()
  File "/home/airflow/.local/lib/python3.7/site-packages/airflow/utils/log/logging_mixin.py", line 156, in flush
    self._propagate_log(buf)
  File "/home/airflow/.local/lib/python3.7/site-packages/airflow/utils/log/logging_mixin.py", line 137, in _propagate_log
    self.logger.log(self.level, remove_escape_codes(message))
  File "/usr/local/lib/python3.7/logging/__init__.py", line 1444, in log
    self._log(level, msg, args, **kwargs)
  File "/usr/local/lib/python3.7/logging/__init__.py", line 1514, in _log
    self.handle(record)
  File "/usr/local/lib/python3.7/logging/__init__.py", line 1524, in handle
    self.callHandlers(record)
  File "/usr/local/lib/python3.7/logging/__init__.py", line 1586, in callHandlers
    hdlr.handle(record)
  File "/usr/local/lib/python3.7/logging/__init__.py", line 894, in handle
    self.emit(record)
  File "/home/airflow/.local/lib/python3.7/site-packages/airflow/utils/log/file_task_handler.py", line 80, in emit
    self.handler.emit(record)
  File "/usr/local/lib/python3.7/logging/__init__.py", line 1127, in emit
    StreamHandler.emit(self, record)
  File "/usr/local/lib/python3.7/logging/__init__.py", line 1033, in emit
    self.handleError(record)
  File "/usr/local/lib/python3.7/logging/__init__.py", line 946, in handleError
    sys.stderr.write('--- Logging error ---\n')
  File "/home/airflow/.local/lib/python3.7/site-packages/airflow/utils/log/logging_mixin.py", line 149, in write
    self.flush()
  File "/home/airflow/.local/lib/python3.7/site-packages/airflow/utils/log/logging_mixin.py", line 156, in flush
    self._propagate_log(buf)
  File "/home/airflow/.local/lib/python3.7/site-packages/airflow/utils/log/logging_mixin.py", line 137, in _propagate_log
    self.logger.log(self.level, remove_escape_codes(message))
  File "/usr/local/lib/python3.7/logging/__init__.py", line 1444, in log
    self._log(level, msg, args, **kwargs)
  File "/usr/local/lib/python3.7/logging/__init__.py", line 1514, in _log
    self.handle(record)
  File "/usr/local/lib/python3.7/logging/__init__.py", line 1524, in handle
    self.callHandlers(record)
  File "/usr/local/lib/python3.7/logging/__init__.py", line 1586, in callHandlers
    hdlr.handle(record)
  File "/usr/local/lib/python3.7/logging/__init__.py", line 894, in handle
    self.emit(record)
  File "/home/airflow/.local/lib/python3.7/site-packages/airflow/utils/log/file_task_handler.py", line 80, in emit
    self.handler.emit(record)
  File "/usr/local/lib/python3.7/logging/__init__.py", line 1127, in emit
    StreamHandler.emit(self, record)
  File "/usr/local/lib/python3.7/logging/__init__.py", line 1033, in emit
    self.handleError(record)
  File "/usr/local/lib/python3.7/logging/__init__.py", line 946, in handleError
    sys.stderr.write('--- Logging error ---\n')
  File "/home/airflow/.local/lib/python3.7/site-packages/airflow/utils/log/logging_mixin.py", line 149, in write
    self.flush()
  File "/home/airflow/.local/lib/python3.7/site-packages/airflow/utils/log/logging_mixin.py", line 156, in flush
    self._propagate_log(buf)
  File "/home/airflow/.local/lib/python3.7/site-packages/airflow/utils/log/logging_mixin.py", line 137, in _propagate_log
    self.logger.log(self.level, remove_escape_codes(message))
  File "/usr/local/lib/python3.7/logging/__init__.py", line 1444, in log
    self._log(level, msg, args, **kwargs)
  File "/usr/local/lib/python3.7/logging/__init__.py", line 1514, in _log
    self.handle(record)
  File "/usr/local/lib/python3.7/logging/__init__.py", line 1524, in handle
    self.callHandlers(record)
  File "/usr/local/lib/python3.7/logging/__init__.py", line 1586, in callHandlers
    hdlr.handle(record)
  File "/usr/local/lib/python3.7/logging/__init__.py", line 894, in handle
    self.emit(record)
  File "/home/airflow/.local/lib/python3.7/site-packages/airflow/utils/log/file_task_handler.py", line 80, in emit
    self.handler.emit(record)
  File "/usr/local/lib/python3.7/logging/__init__.py", line 1127, in emit
    StreamHandler.emit(self, record)
  File "/usr/local/lib/python3.7/logging/__init__.py", line 1033, in emit
    self.handleError(record)
  File "/usr/local/lib/python3.7/logging/__init__.py", line 946, in handleError
    sys.stderr.write('--- Logging error ---\n')
  File "/home/airflow/.local/lib/python3.7/site-packages/airflow/utils/log/logging_mixin.py", line 149, in write
    self.flush()
  File "/home/airflow/.local/lib/python3.7/site-packages/airflow/utils/log/logging_mixin.py", line 156, in flush
    self._propagate_log(buf)
  File "/home/airflow/.local/lib/python3.7/site-packages/airflow/utils/log/logging_mixin.py", line 137, in _propagate_log
    self.logger.log(self.level, remove_escape_codes(message))
  File "/usr/local/lib/python3.7/logging/__init__.py", line 1444, in log
    self._log(level, msg, args, **kwargs)
  File "/usr/local/lib/python3.7/logging/__init__.py", line 1514, in _log
    self.handle(record)
  File "/usr/local/lib/python3.7/logging/__init__.py", line 1524, in handle
    self.callHandlers(record)
  File "/usr/local/lib/python3.7/logging/__init__.py", line 1586, in callHandlers
    hdlr.handle(record)
  File "/usr/local/lib/python3.7/logging/__init__.py", line 894, in handle
    self.emit(record)
  File "/home/airflow/.local/lib/python3.7/site-packages/airflow/utils/log/file_task_handler.py", line 80, in emit
    self.handler.emit(record)
  File "/usr/local/lib/python3.7/logging/__init__.py", line 1127, in emit
    StreamHandler.emit(self, record)
  File "/usr/local/lib/python3.7/logging/__init__.py", line 1033, in emit
    self.handleError(record)
  File "/usr/local/lib/python3.7/logging/__init__.py", line 946, in handleError
    sys.stderr.write('--- Logging error ---\n')
  File "/home/airflow/.local/lib/python3.7/site-packages/airflow/utils/log/logging_mixin.py", line 149, in write
    self.flush()
  File "/home/airflow/.local/lib/python3.7/site-packages/airflow/utils/log/logging_mixin.py", line 156, in flush
    self._propagate_log(buf)
  File "/home/airflow/.local/lib/python3.7/site-packages/airflow/utils/log/logging_mixin.py", line 137, in _propagate_log
    self.logger.log(self.level, remove_escape_codes(message))
  File "/usr/local/lib/python3.7/logging/__init__.py", line 1444, in log
    self._log(level, msg, args, **kwargs)
  File "/usr/local/lib/python3.7/logging/__init__.py", line 1514, in _log
    self.handle(record)
  File "/usr/local/lib/python3.7/logging/__init__.py", line 1524, in handle
    self.callHandlers(record)
  File "/usr/local/lib/python3.7/logging/__init__.py", line 1586, in callHandlers
    hdlr.handle(record)
  File "/usr/local/lib/python3.7/logging/__init__.py", line 894, in handle
    self.emit(record)
  File "/home/airflow/.local/lib/python3.7/site-packages/airflow/utils/log/file_task_handler.py", line 80, in emit
    self.handler.emit(record)
  File "/usr/local/lib/python3.7/logging/__init__.py", line 1127, in emit
    StreamHandler.emit(self, record)
  File "/usr/local/lib/python3.7/logging/__init__.py", line 1033, in emit
    self.handleError(record)
  File "/usr/local/lib/python3.7/logging/__init__.py", line 946, in handleError
    sys.stderr.write('--- Logging error ---\n')
  File "/home/airflow/.local/lib/python3.7/site-packages/airflow/utils/log/logging_mixin.py", line 149, in write
    self.flush()
  File "/home/airflow/.local/lib/python3.7/site-packages/airflow/utils/log/logging_mixin.py", line 156, in flush
    self._propagate_log(buf)
  File "/home/airflow/.local/lib/python3.7/site-packages/airflow/utils/log/logging_mixin.py", line 137, in _propagate_log
    self.logger.log(self.level, remove_escape_codes(message))
  File "/usr/local/lib/python3.7/logging/__init__.py", line 1444, in log
    self._log(level, msg, args, **kwargs)
  File "/usr/local/lib/python3.7/logging/__init__.py", line 1514, in _log
    self.handle(record)
  File "/usr/local/lib/python3.7/logging/__init__.py", line 1524, in handle
    self.callHandlers(record)
  File "/usr/local/lib/python3.7/logging/__init__.py", line 1586, in callHandlers
    hdlr.handle(record)
  File "/usr/local/lib/python3.7/logging/__init__.py", line 894, in handle
    self.emit(record)
  File "/home/airflow/.local/lib/python3.7/site-packages/airflow/utils/log/file_task_handler.py", line 80, in emit
    self.handler.emit(record)
  File "/usr/local/lib/python3.7/logging/__init__.py", line 1127, in emit
    StreamHandler.emit(self, record)
  File "/usr/local/lib/python3.7/logging/__init__.py", line 1033, in emit
    self.handleError(record)
  File "/usr/local/lib/python3.7/logging/__init__.py", line 946, in handleError
    sys.stderr.write('--- Logging error ---\n')
  File "/home/airflow/.local/lib/python3.7/site-packages/airflow/utils/log/logging_mixin.py", line 149, in write
    self.flush()
  File "/home/airflow/.local/lib/python3.7/site-packages/airflow/utils/log/logging_mixin.py", line 156, in flush
    self._propagate_log(buf)
  File "/home/airflow/.local/lib/python3.7/site-packages/airflow/utils/log/logging_mixin.py", line 137, in _propagate_log
    self.logger.log(self.level, remove_escape_codes(message))
  File "/usr/local/lib/python3.7/logging/__init__.py", line 1444, in log
    self._log(level, msg, args, **kwargs)
  File "/usr/local/lib/python3.7/logging/__init__.py", line 1514, in _log
    self.handle(record)
  File "/usr/local/lib/python3.7/logging/__init__.py", line 1524, in handle
    self.callHandlers(record)
  File "/usr/local/lib/python3.7/logging/__init__.py", line 1586, in callHandlers
    hdlr.handle(record)
  File "/usr/local/lib/python3.7/logging/__init__.py", line 894, in handle
    self.emit(record)
  File "/home/airflow/.local/lib/python3.7/site-packages/airflow/utils/log/file_task_handler.py", line 80, in emit
    self.handler.emit(record)
  File "/usr/local/lib/python3.7/logging/__init__.py", line 1127, in emit
    StreamHandler.emit(self, record)
  File "/usr/local/lib/python3.7/logging/__init__.py", line 1033, in emit
    self.handleError(record)
  File "/usr/local/lib/python3.7/logging/__init__.py", line 946, in handleError
    sys.stderr.write('--- Logging error ---\n')
  File "/home/airflow/.local/lib/python3.7/site-packages/airflow/utils/log/logging_mixin.py", line 149, in write
    self.flush()
  File "/home/airflow/.local/lib/python3.7/site-packages/airflow/utils/log/logging_mixin.py", line 156, in flush
    self._propagate_log(buf)
  File "/home/airflow/.local/lib/python3.7/site-packages/airflow/utils/log/logging_mixin.py", line 137, in _propagate_log
    self.logger.log(self.level, remove_escape_codes(message))
  File "/usr/local/lib/python3.7/logging/__init__.py", line 1444, in log
    self._log(level, msg, args, **kwargs)
  File "/usr/local/lib/python3.7/logging/__init__.py", line 1514, in _log
    self.handle(record)
  File "/usr/local/lib/python3.7/logging/__init__.py", line 1524, in handle
    self.callHandlers(record)
  File "/usr/local/lib/python3.7/logging/__init__.py", line 1586, in callHandlers
    hdlr.handle(record)
  File "/usr/local/lib/python3.7/logging/__init__.py", line 894, in handle
    self.emit(record)
  File "/home/airflow/.local/lib/python3.7/site-packages/airflow/utils/log/file_task_handler.py", line 80, in emit
    self.handler.emit(record)
  File "/usr/local/lib/python3.7/logging/__init__.py", line 1127, in emit
    StreamHandler.emit(self, record)
  File "/usr/local/lib/python3.7/logging/__init__.py", line 1033, in emit
    self.handleError(record)
  File "/usr/local/lib/python3.7/logging/__init__.py", line 946, in handleError
    sys.stderr.write('--- Logging error ---\n')
  File "/home/airflow/.local/lib/python3.7/site-packages/airflow/utils/log/logging_mixin.py", line 149, in write
    self.flush()
  File "/home/airflow/.local/lib/python3.7/site-packages/airflow/utils/log/logging_mixin.py", line 156, in flush
    self._propagate_log(buf)
  File "/home/airflow/.local/lib/python3.7/site-packages/airflow/utils/log/logging_mixin.py", line 137, in _propagate_log
    self.logger.log(self.level, remove_escape_codes(message))
  File "/usr/local/lib/python3.7/logging/__init__.py", line 1444, in log
    self._log(level, msg, args, **kwargs)
  File "/usr/local/lib/python3.7/logging/__init__.py", line 1514, in _log
    self.handle(record)
  File "/usr/local/lib/python3.7/logging/__init__.py", line 1524, in handle
    self.callHandlers(record)
  File "/usr/local/lib/python3.7/logging/__init__.py", line 1586, in callHandlers
    hdlr.handle(record)
  File "/usr/local/lib/python3.7/logging/__init__.py", line 894, in handle
    self.emit(record)
  File "/home/airflow/.local/lib/python3.7/site-packages/airflow/utils/log/file_task_handler.py", line 80, in emit
    self.handler.emit(record)
  File "/usr/local/lib/python3.7/logging/__init__.py", line 1127, in emit
    StreamHandler.emit(self, record)
  File "/usr/local/lib/python3.7/logging/__init__.py", line 1033, in emit
    self.handleError(record)
  File "/usr/local/lib/python3.7/logging/__init__.py", line 946, in handleError
    sys.stderr.write('--- Logging error ---\n')
  File "/home/airflow/.local/lib/python3.7/site-packages/airflow/utils/log/logging_mixin.py", line 149, in write
    self.flush()
  File "/home/airflow/.local/lib/python3.7/site-packages/airflow/utils/log/logging_mixin.py", line 156, in flush
    self._propagate_log(buf)
  File "/home/airflow/.local/lib/python3.7/site-packages/airflow/utils/log/logging_mixin.py", line 137, in _propagate_log
    self.logger.log(self.level, remove_escape_codes(message))
  File "/usr/local/lib/python3.7/logging/__init__.py", line 1444, in log
    self._log(level, msg, args, **kwargs)
  File "/usr/local/lib/python3.7/logging/__init__.py", line 1514, in _log
    self.handle(record)
  File "/usr/local/lib/python3.7/logging/__init__.py", line 1524, in handle
    self.callHandlers(record)
  File "/usr/local/lib/python3.7/logging/__init__.py", line 1586, in callHandlers
    hdlr.handle(record)
  File "/usr/local/lib/python3.7/logging/__init__.py", line 894, in handle
    self.emit(record)
  File "/home/airflow/.local/lib/python3.7/site-packages/airflow/utils/log/file_task_handler.py", line 80, in emit
    self.handler.emit(record)
  File "/usr/local/lib/python3.7/logging/__init__.py", line 1127, in emit
    StreamHandler.emit(self, record)
  File "/usr/local/lib/python3.7/logging/__init__.py", line 1033, in emit
    self.handleError(record)
  File "/usr/local/lib/python3.7/logging/__init__.py", line 946, in handleError
    sys.stderr.write('--- Logging error ---\n')
  File "/home/airflow/.local/lib/python3.7/site-packages/airflow/utils/log/logging_mixin.py", line 149, in write
    self.flush()
  File "/home/airflow/.local/lib/python3.7/site-packages/airflow/utils/log/logging_mixin.py", line 156, in flush
    self._propagate_log(buf)
  File "/home/airflow/.local/lib/python3.7/site-packages/airflow/utils/log/logging_mixin.py", line 137, in _propagate_log
    self.logger.log(self.level, remove_escape_codes(message))
  File "/usr/local/lib/python3.7/logging/__init__.py", line 1444, in log
    self._log(level, msg, args, **kwargs)
  File "/usr/local/lib/python3.7/logging/__init__.py", line 1514, in _log
    self.handle(record)
  File "/usr/local/lib/python3.7/logging/__init__.py", line 1524, in handle
    self.callHandlers(record)
  File "/usr/local/lib/python3.7/logging/__init__.py", line 1586, in callHandlers
    hdlr.handle(record)
  File "/usr/local/lib/python3.7/logging/__init__.py", line 894, in handle
    self.emit(record)
  File "/home/airflow/.local/lib/python3.7/site-packages/airflow/utils/log/file_task_handler.py", line 80, in emit
    self.handler.emit(record)
  File "/usr/local/lib/python3.7/logging/__init__.py", line 1127, in emit
    StreamHandler.emit(self, record)
  File "/usr/local/lib/python3.7/logging/__init__.py", line 1033, in emit
    self.handleError(record)
  File "/usr/local/lib/python3.7/logging/__init__.py", line 946, in handleError
    sys.stderr.write('--- Logging error ---\n')
  File "/home/airflow/.local/lib/python3.7/site-packages/airflow/utils/log/logging_mixin.py", line 149, in write
    self.flush()
  File "/home/airflow/.local/lib/python3.7/site-packages/airflow/utils/log/logging_mixin.py", line 156, in flush
    self._propagate_log(buf)
  File "/home/airflow/.local/lib/python3.7/site-packages/airflow/utils/log/logging_mixin.py", line 137, in _propagate_log
    self.logger.log(self.level, remove_escape_codes(message))
  File "/usr/local/lib/python3.7/logging/__init__.py", line 1444, in log
    self._log(level, msg, args, **kwargs)
  File "/usr/local/lib/python3.7/logging/__init__.py", line 1514, in _log
    self.handle(record)
  File "/usr/local/lib/python3.7/logging/__init__.py", line 1524, in handle
    self.callHandlers(record)
  File "/usr/local/lib/python3.7/logging/__init__.py", line 1586, in callHandlers
    hdlr.handle(record)
  File "/usr/local/lib/python3.7/logging/__init__.py", line 894, in handle
    self.emit(record)
  File "/home/airflow/.local/lib/python3.7/site-packages/airflow/utils/log/file_task_handler.py", line 80, in emit
    self.handler.emit(record)
  File "/usr/local/lib/python3.7/logging/__init__.py", line 1127, in emit
    StreamHandler.emit(self, record)
  File "/usr/local/lib/python3.7/logging/__init__.py", line 1033, in emit
    self.handleError(record)
  File "/usr/local/lib/python3.7/logging/__init__.py", line 946, in handleError
    sys.stderr.write('--- Logging error ---\n')
  File "/home/airflow/.local/lib/python3.7/site-packages/airflow/utils/log/logging_mixin.py", line 149, in write
    self.flush()
  File "/home/airflow/.local/lib/python3.7/site-packages/airflow/utils/log/logging_mixin.py", line 156, in flush
    self._propagate_log(buf)
  File "/home/airflow/.local/lib/python3.7/site-packages/airflow/utils/log/logging_mixin.py", line 137, in _propagate_log
    self.logger.log(self.level, remove_escape_codes(message))
  File "/usr/local/lib/python3.7/logging/__init__.py", line 1444, in log
    self._log(level, msg, args, **kwargs)
  File "/usr/local/lib/python3.7/logging/__init__.py", line 1514, in _log
    self.handle(record)
  File "/usr/local/lib/python3.7/logging/__init__.py", line 1524, in handle
    self.callHandlers(record)
  File "/usr/local/lib/python3.7/logging/__init__.py", line 1586, in callHandlers
    hdlr.handle(record)
  File "/usr/local/lib/python3.7/logging/__init__.py", line 894, in handle
    self.emit(record)
  File "/home/airflow/.local/lib/python3.7/site-packages/airflow/utils/log/file_task_handler.py", line 80, in emit
    self.handler.emit(record)
  File "/usr/local/lib/python3.7/logging/__init__.py", line 1127, in emit
    StreamHandler.emit(self, record)
  File "/usr/local/lib/python3.7/logging/__init__.py", line 1033, in emit
    self.handleError(record)
  File "/usr/local/lib/python3.7/logging/__init__.py", line 946, in handleError
    sys.stderr.write('--- Logging error ---\n')
  File "/home/airflow/.local/lib/python3.7/site-packages/airflow/utils/log/logging_mixin.py", line 149, in write
    self.flush()
  File "/home/airflow/.local/lib/python3.7/site-packages/airflow/utils/log/logging_mixin.py", line 156, in flush
    self._propagate_log(buf)
  File "/home/airflow/.local/lib/python3.7/site-packages/airflow/utils/log/logging_mixin.py", line 137, in _propagate_log
    self.logger.log(self.level, remove_escape_codes(message))
  File "/usr/local/lib/python3.7/logging/__init__.py", line 1444, in log
    self._log(level, msg, args, **kwargs)
  File "/usr/local/lib/python3.7/logging/__init__.py", line 1514, in _log
    self.handle(record)
  File "/usr/local/lib/python3.7/logging/__init__.py", line 1524, in handle
    self.callHandlers(record)
  File "/usr/local/lib/python3.7/logging/__init__.py", line 1586, in callHandlers
    hdlr.handle(record)
  File "/usr/local/lib/python3.7/logging/__init__.py", line 894, in handle
    self.emit(record)
  File "/home/airflow/.local/lib/python3.7/site-packages/airflow/utils/log/file_task_handler.py", line 80, in emit
    self.handler.emit(record)
  File "/usr/local/lib/python3.7/logging/__init__.py", line 1127, in emit
    StreamHandler.emit(self, record)
  File "/usr/local/lib/python3.7/logging/__init__.py", line 1033, in emit
    self.handleError(record)
  File "/usr/local/lib/python3.7/logging/__init__.py", line 946, in handleError
    sys.stderr.write('--- Logging error ---\n')
  File "/home/airflow/.local/lib/python3.7/site-packages/airflow/utils/log/logging_mixin.py", line 149, in write
    self.flush()
  File "/home/airflow/.local/lib/python3.7/site-packages/airflow/utils/log/logging_mixin.py", line 156, in flush
    self._propagate_log(buf)
  File "/home/airflow/.local/lib/python3.7/site-packages/airflow/utils/log/logging_mixin.py", line 137, in _propagate_log
    self.logger.log(self.level, remove_escape_codes(message))
  File "/usr/local/lib/python3.7/logging/__init__.py", line 1444, in log
    self._log(level, msg, args, **kwargs)
  File "/usr/local/lib/python3.7/logging/__init__.py", line 1514, in _log
    self.handle(record)
  File "/usr/local/lib/python3.7/logging/__init__.py", line 1524, in handle
    self.callHandlers(record)
  File "/usr/local/lib/python3.7/logging/__init__.py", line 1586, in callHandlers
    hdlr.handle(record)
  File "/usr/local/lib/python3.7/logging/__init__.py", line 894, in handle
    self.emit(record)
  File "/home/airflow/.local/lib/python3.7/site-packages/airflow/utils/log/file_task_handler.py", line 80, in emit
    self.handler.emit(record)
  File "/usr/local/lib/python3.7/logging/__init__.py", line 1127, in emit
    StreamHandler.emit(self, record)
  File "/usr/local/lib/python3.7/logging/__init__.py", line 1033, in emit
    self.handleError(record)
  File "/usr/local/lib/python3.7/logging/__init__.py", line 946, in handleError
    sys.stderr.write('--- Logging error ---\n')
  File "/home/airflow/.local/lib/python3.7/site-packages/airflow/utils/log/logging_mixin.py", line 149, in write
    self.flush()
  File "/home/airflow/.local/lib/python3.7/site-packages/airflow/utils/log/logging_mixin.py", line 156, in flush
    self._propagate_log(buf)
  File "/home/airflow/.local/lib/python3.7/site-packages/airflow/utils/log/logging_mixin.py", line 137, in _propagate_log
    self.logger.log(self.level, remove_escape_codes(message))
  File "/usr/local/lib/python3.7/logging/__init__.py", line 1444, in log
    self._log(level, msg, args, **kwargs)
  File "/usr/local/lib/python3.7/logging/__init__.py", line 1514, in _log
    self.handle(record)
  File "/usr/local/lib/python3.7/logging/__init__.py", line 1524, in handle
    self.callHandlers(record)
  File "/usr/local/lib/python3.7/logging/__init__.py", line 1586, in callHandlers
    hdlr.handle(record)
  File "/usr/local/lib/python3.7/logging/__init__.py", line 894, in handle
    self.emit(record)
  File "/home/airflow/.local/lib/python3.7/site-packages/airflow/utils/log/file_task_handler.py", line 80, in emit
    self.handler.emit(record)
  File "/usr/local/lib/python3.7/logging/__init__.py", line 1127, in emit
    StreamHandler.emit(self, record)
  File "/usr/local/lib/python3.7/logging/__init__.py", line 1033, in emit
    self.handleError(record)
  File "/usr/local/lib/python3.7/logging/__init__.py", line 946, in handleError
    sys.stderr.write('--- Logging error ---\n')
  File "/home/airflow/.local/lib/python3.7/site-packages/airflow/utils/log/logging_mixin.py", line 149, in write
    self.flush()
  File "/home/airflow/.local/lib/python3.7/site-packages/airflow/utils/log/logging_mixin.py", line 156, in flush
    self._propagate_log(buf)
  File "/home/airflow/.local/lib/python3.7/site-packages/airflow/utils/log/logging_mixin.py", line 137, in _propagate_log
    self.logger.log(self.level, remove_escape_codes(message))
  File "/usr/local/lib/python3.7/logging/__init__.py", line 1444, in log
    self._log(level, msg, args, **kwargs)
  File "/usr/local/lib/python3.7/logging/__init__.py", line 1514, in _log
    self.handle(record)
  File "/usr/local/lib/python3.7/logging/__init__.py", line 1524, in handle
    self.callHandlers(record)
  File "/usr/local/lib/python3.7/logging/__init__.py", line 1586, in callHandlers
    hdlr.handle(record)
  File "/usr/local/lib/python3.7/logging/__init__.py", line 894, in handle
    self.emit(record)
  File "/home/airflow/.local/lib/python3.7/site-packages/airflow/utils/log/file_task_handler.py", line 80, in emit
    self.handler.emit(record)
  File "/usr/local/lib/python3.7/logging/__init__.py", line 1127, in emit
    StreamHandler.emit(self, record)
  File "/usr/local/lib/python3.7/logging/__init__.py", line 1033, in emit
    self.handleError(record)
  File "/usr/local/lib/python3.7/logging/__init__.py", line 946, in handleError
    sys.stderr.write('--- Logging error ---\n')
  File "/home/airflow/.local/lib/python3.7/site-packages/airflow/utils/log/logging_mixin.py", line 149, in write
    self.flush()
  File "/home/airflow/.local/lib/python3.7/site-packages/airflow/utils/log/logging_mixin.py", line 156, in flush
    self._propagate_log(buf)
  File "/home/airflow/.local/lib/python3.7/site-packages/airflow/utils/log/logging_mixin.py", line 137, in _propagate_log
    self.logger.log(self.level, remove_escape_codes(message))
  File "/usr/local/lib/python3.7/logging/__init__.py", line 1444, in log
    self._log(level, msg, args, **kwargs)
  File "/usr/local/lib/python3.7/logging/__init__.py", line 1514, in _log
    self.handle(record)
  File "/usr/local/lib/python3.7/logging/__init__.py", line 1524, in handle
    self.callHandlers(record)
  File "/usr/local/lib/python3.7/logging/__init__.py", line 1586, in callHandlers
    hdlr.handle(record)
  File "/usr/local/lib/python3.7/logging/__init__.py", line 894, in handle
    self.emit(record)
  File "/home/airflow/.local/lib/python3.7/site-packages/airflow/utils/log/file_task_handler.py", line 80, in emit
    self.handler.emit(record)
  File "/usr/local/lib/python3.7/logging/__init__.py", line 1127, in emit
    StreamHandler.emit(self, record)
  File "/usr/local/lib/python3.7/logging/__init__.py", line 1033, in emit
    self.handleError(record)
  File "/usr/local/lib/python3.7/logging/__init__.py", line 946, in handleError
    sys.stderr.write('--- Logging error ---\n')
  File "/home/airflow/.local/lib/python3.7/site-packages/airflow/utils/log/logging_mixin.py", line 149, in write
    self.flush()
  File "/home/airflow/.local/lib/python3.7/site-packages/airflow/utils/log/logging_mixin.py", line 156, in flush
    self._propagate_log(buf)
  File "/home/airflow/.local/lib/python3.7/site-packages/airflow/utils/log/logging_mixin.py", line 137, in _propagate_log
    self.logger.log(self.level, remove_escape_codes(message))
  File "/usr/local/lib/python3.7/logging/__init__.py", line 1444, in log
    self._log(level, msg, args, **kwargs)
  File "/usr/local/lib/python3.7/logging/__init__.py", line 1514, in _log
    self.handle(record)
  File "/usr/local/lib/python3.7/logging/__init__.py", line 1524, in handle
    self.callHandlers(record)
  File "/usr/local/lib/python3.7/logging/__init__.py", line 1586, in callHandlers
    hdlr.handle(record)
  File "/usr/local/lib/python3.7/logging/__init__.py", line 894, in handle
    self.emit(record)
  File "/home/airflow/.local/lib/python3.7/site-packages/airflow/utils/log/file_task_handler.py", line 80, in emit
    self.handler.emit(record)
  File "/usr/local/lib/python3.7/logging/__init__.py", line 1127, in emit
    StreamHandler.emit(self, record)
  File "/usr/local/lib/python3.7/logging/__init__.py", line 1033, in emit
    self.handleError(record)
  File "/usr/local/lib/python3.7/logging/__init__.py", line 946, in handleError
    sys.stderr.write('--- Logging error ---\n')
  File "/home/airflow/.local/lib/python3.7/site-packages/airflow/utils/log/logging_mixin.py", line 149, in write
    self.flush()
  File "/home/airflow/.local/lib/python3.7/site-packages/airflow/utils/log/logging_mixin.py", line 156, in flush
    self._propagate_log(buf)
  File "/home/airflow/.local/lib/python3.7/site-packages/airflow/utils/log/logging_mixin.py", line 137, in _propagate_log
    self.logger.log(self.level, remove_escape_codes(message))
  File "/usr/local/lib/python3.7/logging/__init__.py", line 1444, in log
    self._log(level, msg, args, **kwargs)
  File "/usr/local/lib/python3.7/logging/__init__.py", line 1514, in _log
    self.handle(record)
  File "/usr/local/lib/python3.7/logging/__init__.py", line 1524, in handle
    self.callHandlers(record)
  File "/usr/local/lib/python3.7/logging/__init__.py", line 1586, in callHandlers
    hdlr.handle(record)
  File "/usr/local/lib/python3.7/logging/__init__.py", line 894, in handle
    self.emit(record)
  File "/home/airflow/.local/lib/python3.7/site-packages/airflow/utils/log/file_task_handler.py", line 80, in emit
    self.handler.emit(record)
  File "/usr/local/lib/python3.7/logging/__init__.py", line 1127, in emit
    StreamHandler.emit(self, record)
  File "/usr/local/lib/python3.7/logging/__init__.py", line 1033, in emit
    self.handleError(record)
  File "/usr/local/lib/python3.7/logging/__init__.py", line 946, in handleError
    sys.stderr.write('--- Logging error ---\n')
  File "/home/airflow/.local/lib/python3.7/site-packages/airflow/utils/log/logging_mixin.py", line 149, in write
    self.flush()
  File "/home/airflow/.local/lib/python3.7/site-packages/airflow/utils/log/logging_mixin.py", line 156, in flush
    self._propagate_log(buf)
  File "/home/airflow/.local/lib/python3.7/site-packages/airflow/utils/log/logging_mixin.py", line 137, in _propagate_log
    self.logger.log(self.level, remove_escape_codes(message))
  File "/usr/local/lib/python3.7/logging/__init__.py", line 1444, in log
    self._log(level, msg, args, **kwargs)
  File "/usr/local/lib/python3.7/logging/__init__.py", line 1514, in _log
    self.handle(record)
  File "/usr/local/lib/python3.7/logging/__init__.py", line 1524, in handle
    self.callHandlers(record)
  File "/usr/local/lib/python3.7/logging/__init__.py", line 1586, in callHandlers
    hdlr.handle(record)
  File "/usr/local/lib/python3.7/logging/__init__.py", line 894, in handle
    self.emit(record)
  File "/home/airflow/.local/lib/python3.7/site-packages/airflow/utils/log/file_task_handler.py", line 80, in emit
    self.handler.emit(record)
  File "/usr/local/lib/python3.7/logging/__init__.py", line 1127, in emit
    StreamHandler.emit(self, record)
  File "/usr/local/lib/python3.7/logging/__init__.py", line 1033, in emit
    self.handleError(record)
  File "/usr/local/lib/python3.7/logging/__init__.py", line 946, in handleError
    sys.stderr.write('--- Logging error ---\n')
  File "/home/airflow/.local/lib/python3.7/site-packages/airflow/utils/log/logging_mixin.py", line 149, in write
    self.flush()
  File "/home/airflow/.local/lib/python3.7/site-packages/airflow/utils/log/logging_mixin.py", line 156, in flush
    self._propagate_log(buf)
  File "/home/airflow/.local/lib/python3.7/site-packages/airflow/utils/log/logging_mixin.py", line 137, in _propagate_log
    self.logger.log(self.level, remove_escape_codes(message))
  File "/usr/local/lib/python3.7/logging/__init__.py", line 1444, in log
    self._log(level, msg, args, **kwargs)
  File "/usr/local/lib/python3.7/logging/__init__.py", line 1514, in _log
    self.handle(record)
  File "/usr/local/lib/python3.7/logging/__init__.py", line 1524, in handle
    self.callHandlers(record)
  File "/usr/local/lib/python3.7/logging/__init__.py", line 1586, in callHandlers
    hdlr.handle(record)
  File "/usr/local/lib/python3.7/logging/__init__.py", line 894, in handle
    self.emit(record)
  File "/home/airflow/.local/lib/python3.7/site-packages/airflow/utils/log/file_task_handler.py", line 80, in emit
    self.handler.emit(record)
  File "/usr/local/lib/python3.7/logging/__init__.py", line 1127, in emit
    StreamHandler.emit(self, record)
  File "/usr/local/lib/python3.7/logging/__init__.py", line 1033, in emit
    self.handleError(record)
  File "/usr/local/lib/python3.7/logging/__init__.py", line 946, in handleError
    sys.stderr.write('--- Logging error ---\n')
  File "/home/airflow/.local/lib/python3.7/site-packages/airflow/utils/log/logging_mixin.py", line 149, in write
    self.flush()
  File "/home/airflow/.local/lib/python3.7/site-packages/airflow/utils/log/logging_mixin.py", line 156, in flush
    self._propagate_log(buf)
  File "/home/airflow/.local/lib/python3.7/site-packages/airflow/utils/log/logging_mixin.py", line 137, in _propagate_log
    self.logger.log(self.level, remove_escape_codes(message))
  File "/usr/local/lib/python3.7/logging/__init__.py", line 1444, in log
    self._log(level, msg, args, **kwargs)
  File "/usr/local/lib/python3.7/logging/__init__.py", line 1514, in _log
    self.handle(record)
  File "/usr/local/lib/python3.7/logging/__init__.py", line 1524, in handle
    self.callHandlers(record)
  File "/usr/local/lib/python3.7/logging/__init__.py", line 1586, in callHandlers
    hdlr.handle(record)
  File "/usr/local/lib/python3.7/logging/__init__.py", line 894, in handle
    self.emit(record)
  File "/home/airflow/.local/lib/python3.7/site-packages/airflow/utils/log/file_task_handler.py", line 80, in emit
    self.handler.emit(record)
  File "/usr/local/lib/python3.7/logging/__init__.py", line 1127, in emit
    StreamHandler.emit(self, record)
  File "/usr/local/lib/python3.7/logging/__init__.py", line 1033, in emit
    self.handleError(record)
  File "/usr/local/lib/python3.7/logging/__init__.py", line 946, in handleError
    sys.stderr.write('--- Logging error ---\n')
  File "/home/airflow/.local/lib/python3.7/site-packages/airflow/utils/log/logging_mixin.py", line 149, in write
    self.flush()
  File "/home/airflow/.local/lib/python3.7/site-packages/airflow/utils/log/logging_mixin.py", line 156, in flush
    self._propagate_log(buf)
  File "/home/airflow/.local/lib/python3.7/site-packages/airflow/utils/log/logging_mixin.py", line 137, in _propagate_log
    self.logger.log(self.level, remove_escape_codes(message))
  File "/usr/local/lib/python3.7/logging/__init__.py", line 1444, in log
    self._log(level, msg, args, **kwargs)
  File "/usr/local/lib/python3.7/logging/__init__.py", line 1514, in _log
    self.handle(record)
  File "/usr/local/lib/python3.7/logging/__init__.py", line 1524, in handle
    self.callHandlers(record)
  File "/usr/local/lib/python3.7/logging/__init__.py", line 1586, in callHandlers
    hdlr.handle(record)
  File "/usr/local/lib/python3.7/logging/__init__.py", line 894, in handle
    self.emit(record)
  File "/home/airflow/.local/lib/python3.7/site-packages/airflow/utils/log/file_task_handler.py", line 80, in emit
    self.handler.emit(record)
  File "/usr/local/lib/python3.7/logging/__init__.py", line 1127, in emit
    StreamHandler.emit(self, record)
  File "/usr/local/lib/python3.7/logging/__init__.py", line 1033, in emit
    self.handleError(record)
  File "/usr/local/lib/python3.7/logging/__init__.py", line 946, in handleError
    sys.stderr.write('--- Logging error ---\n')
  File "/home/airflow/.local/lib/python3.7/site-packages/airflow/utils/log/logging_mixin.py", line 149, in write
    self.flush()
  File "/home/airflow/.local/lib/python3.7/site-packages/airflow/utils/log/logging_mixin.py", line 156, in flush
    self._propagate_log(buf)
  File "/home/airflow/.local/lib/python3.7/site-packages/airflow/utils/log/logging_mixin.py", line 137, in _propagate_log
    self.logger.log(self.level, remove_escape_codes(message))
  File "/usr/local/lib/python3.7/logging/__init__.py", line 1444, in log
    self._log(level, msg, args, **kwargs)
  File "/usr/local/lib/python3.7/logging/__init__.py", line 1514, in _log
    self.handle(record)
  File "/usr/local/lib/python3.7/logging/__init__.py", line 1524, in handle
    self.callHandlers(record)
  File "/usr/local/lib/python3.7/logging/__init__.py", line 1586, in callHandlers
    hdlr.handle(record)
  File "/usr/local/lib/python3.7/logging/__init__.py", line 894, in handle
    self.emit(record)
  File "/home/airflow/.local/lib/python3.7/site-packages/airflow/utils/log/file_task_handler.py", line 80, in emit
    self.handler.emit(record)
  File "/usr/local/lib/python3.7/logging/__init__.py", line 1127, in emit
    StreamHandler.emit(self, record)
  File "/usr/local/lib/python3.7/logging/__init__.py", line 1033, in emit
    self.handleError(record)
  File "/usr/local/lib/python3.7/logging/__init__.py", line 946, in handleError
    sys.stderr.write('--- Logging error ---\n')
  File "/home/airflow/.local/lib/python3.7/site-packages/airflow/utils/log/logging_mixin.py", line 149, in write
    self.flush()
  File "/home/airflow/.local/lib/python3.7/site-packages/airflow/utils/log/logging_mixin.py", line 156, in flush
    self._propagate_log(buf)
  File "/home/airflow/.local/lib/python3.7/site-packages/airflow/utils/log/logging_mixin.py", line 137, in _propagate_log
    self.logger.log(self.level, remove_escape_codes(message))
  File "/usr/local/lib/python3.7/logging/__init__.py", line 1444, in log
    self._log(level, msg, args, **kwargs)
  File "/usr/local/lib/python3.7/logging/__init__.py", line 1514, in _log
    self.handle(record)
  File "/usr/local/lib/python3.7/logging/__init__.py", line 1524, in handle
    self.callHandlers(record)
  File "/usr/local/lib/python3.7/logging/__init__.py", line 1586, in callHandlers
    hdlr.handle(record)
  File "/usr/local/lib/python3.7/logging/__init__.py", line 894, in handle
    self.emit(record)
  File "/home/airflow/.local/lib/python3.7/site-packages/airflow/utils/log/file_task_handler.py", line 80, in emit
    self.handler.emit(record)
  File "/usr/local/lib/python3.7/logging/__init__.py", line 1127, in emit
    StreamHandler.emit(self, record)
  File "/usr/local/lib/python3.7/logging/__init__.py", line 1033, in emit
    self.handleError(record)
  File "/usr/local/lib/python3.7/logging/__init__.py", line 946, in handleError
    sys.stderr.write('--- Logging error ---\n')
  File "/home/airflow/.local/lib/python3.7/site-packages/airflow/utils/log/logging_mixin.py", line 149, in write
    self.flush()
  File "/home/airflow/.local/lib/python3.7/site-packages/airflow/utils/log/logging_mixin.py", line 156, in flush
    self._propagate_log(buf)
  File "/home/airflow/.local/lib/python3.7/site-packages/airflow/utils/log/logging_mixin.py", line 137, in _propagate_log
    self.logger.log(self.level, remove_escape_codes(message))
  File "/usr/local/lib/python3.7/logging/__init__.py", line 1444, in log
    self._log(level, msg, args, **kwargs)
  File "/usr/local/lib/python3.7/logging/__init__.py", line 1514, in _log
    self.handle(record)
  File "/usr/local/lib/python3.7/logging/__init__.py", line 1524, in handle
    self.callHandlers(record)
  File "/usr/local/lib/python3.7/logging/__init__.py", line 1586, in callHandlers
    hdlr.handle(record)
  File "/usr/local/lib/python3.7/logging/__init__.py", line 894, in handle
    self.emit(record)
  File "/home/airflow/.local/lib/python3.7/site-packages/airflow/utils/log/file_task_handler.py", line 80, in emit
    self.handler.emit(record)
  File "/usr/local/lib/python3.7/logging/__init__.py", line 1127, in emit
    StreamHandler.emit(self, record)
  File "/usr/local/lib/python3.7/logging/__init__.py", line 1033, in emit
    self.handleError(record)
  File "/usr/local/lib/python3.7/logging/__init__.py", line 946, in handleError
    sys.stderr.write('--- Logging error ---\n')
  File "/home/airflow/.local/lib/python3.7/site-packages/airflow/utils/log/logging_mixin.py", line 149, in write
    self.flush()
  File "/home/airflow/.local/lib/python3.7/site-packages/airflow/utils/log/logging_mixin.py", line 156, in flush
    self._propagate_log(buf)
  File "/home/airflow/.local/lib/python3.7/site-packages/airflow/utils/log/logging_mixin.py", line 137, in _propagate_log
    self.logger.log(self.level, remove_escape_codes(message))
  File "/usr/local/lib/python3.7/logging/__init__.py", line 1444, in log
    self._log(level, msg, args, **kwargs)
  File "/usr/local/lib/python3.7/logging/__init__.py", line 1514, in _log
    self.handle(record)
  File "/usr/local/lib/python3.7/logging/__init__.py", line 1524, in handle
    self.callHandlers(record)
  File "/usr/local/lib/python3.7/logging/__init__.py", line 1586, in callHandlers
    hdlr.handle(record)
  File "/usr/local/lib/python3.7/logging/__init__.py", line 894, in handle
    self.emit(record)
  File "/home/airflow/.local/lib/python3.7/site-packages/airflow/utils/log/file_task_handler.py", line 80, in emit
    self.handler.emit(record)
  File "/usr/local/lib/python3.7/logging/__init__.py", line 1127, in emit
    StreamHandler.emit(self, record)
  File "/usr/local/lib/python3.7/logging/__init__.py", line 1033, in emit
    self.handleError(record)
  File "/usr/local/lib/python3.7/logging/__init__.py", line 946, in handleError
    sys.stderr.write('--- Logging error ---\n')
  File "/home/airflow/.local/lib/python3.7/site-packages/airflow/utils/log/logging_mixin.py", line 149, in write
    self.flush()
  File "/home/airflow/.local/lib/python3.7/site-packages/airflow/utils/log/logging_mixin.py", line 156, in flush
    self._propagate_log(buf)
  File "/home/airflow/.local/lib/python3.7/site-packages/airflow/utils/log/logging_mixin.py", line 137, in _propagate_log
    self.logger.log(self.level, remove_escape_codes(message))
  File "/usr/local/lib/python3.7/logging/__init__.py", line 1444, in log
    self._log(level, msg, args, **kwargs)
  File "/usr/local/lib/python3.7/logging/__init__.py", line 1514, in _log
    self.handle(record)
  File "/usr/local/lib/python3.7/logging/__init__.py", line 1524, in handle
    self.callHandlers(record)
  File "/usr/local/lib/python3.7/logging/__init__.py", line 1586, in callHandlers
    hdlr.handle(record)
  File "/usr/local/lib/python3.7/logging/__init__.py", line 894, in handle
    self.emit(record)
  File "/home/airflow/.local/lib/python3.7/site-packages/airflow/utils/log/file_task_handler.py", line 80, in emit
    self.handler.emit(record)
  File "/usr/local/lib/python3.7/logging/__init__.py", line 1127, in emit
    StreamHandler.emit(self, record)
  File "/usr/local/lib/python3.7/logging/__init__.py", line 1033, in emit
    self.handleError(record)
  File "/usr/local/lib/python3.7/logging/__init__.py", line 946, in handleError
    sys.stderr.write('--- Logging error ---\n')
  File "/home/airflow/.local/lib/python3.7/site-packages/airflow/utils/log/logging_mixin.py", line 149, in write
    self.flush()
  File "/home/airflow/.local/lib/python3.7/site-packages/airflow/utils/log/logging_mixin.py", line 156, in flush
    self._propagate_log(buf)
  File "/home/airflow/.local/lib/python3.7/site-packages/airflow/utils/log/logging_mixin.py", line 137, in _propagate_log
    self.logger.log(self.level, remove_escape_codes(message))
  File "/usr/local/lib/python3.7/logging/__init__.py", line 1444, in log
    self._log(level, msg, args, **kwargs)
  File "/usr/local/lib/python3.7/logging/__init__.py", line 1514, in _log
    self.handle(record)
  File "/usr/local/lib/python3.7/logging/__init__.py", line 1524, in handle
    self.callHandlers(record)
  File "/usr/local/lib/python3.7/logging/__init__.py", line 1586, in callHandlers
    hdlr.handle(record)
  File "/usr/local/lib/python3.7/logging/__init__.py", line 894, in handle
    self.emit(record)
  File "/home/airflow/.local/lib/python3.7/site-packages/airflow/utils/log/file_task_handler.py", line 80, in emit
    self.handler.emit(record)
  File "/usr/local/lib/python3.7/logging/__init__.py", line 1127, in emit
    StreamHandler.emit(self, record)
  File "/usr/local/lib/python3.7/logging/__init__.py", line 1033, in emit
    self.handleError(record)
  File "/usr/local/lib/python3.7/logging/__init__.py", line 946, in handleError
    sys.stderr.write('--- Logging error ---\n')
  File "/home/airflow/.local/lib/python3.7/site-packages/airflow/utils/log/logging_mixin.py", line 149, in write
    self.flush()
  File "/home/airflow/.local/lib/python3.7/site-packages/airflow/utils/log/logging_mixin.py", line 156, in flush
    self._propagate_log(buf)
  File "/home/airflow/.local/lib/python3.7/site-packages/airflow/utils/log/logging_mixin.py", line 137, in _propagate_log
    self.logger.log(self.level, remove_escape_codes(message))
  File "/usr/local/lib/python3.7/logging/__init__.py", line 1444, in log
    self._log(level, msg, args, **kwargs)
  File "/usr/local/lib/python3.7/logging/__init__.py", line 1514, in _log
    self.handle(record)
  File "/usr/local/lib/python3.7/logging/__init__.py", line 1524, in handle
    self.callHandlers(record)
  File "/usr/local/lib/python3.7/logging/__init__.py", line 1586, in callHandlers
    hdlr.handle(record)
  File "/usr/local/lib/python3.7/logging/__init__.py", line 894, in handle
    self.emit(record)
  File "/home/airflow/.local/lib/python3.7/site-packages/airflow/utils/log/file_task_handler.py", line 80, in emit
    self.handler.emit(record)
  File "/usr/local/lib/python3.7/logging/__init__.py", line 1127, in emit
    StreamHandler.emit(self, record)
  File "/usr/local/lib/python3.7/logging/__init__.py", line 1033, in emit
    self.handleError(record)
  File "/usr/local/lib/python3.7/logging/__init__.py", line 946, in handleError
    sys.stderr.write('--- Logging error ---\n')
  File "/home/airflow/.local/lib/python3.7/site-packages/airflow/utils/log/logging_mixin.py", line 149, in write
    self.flush()
  File "/home/airflow/.local/lib/python3.7/site-packages/airflow/utils/log/logging_mixin.py", line 156, in flush
    self._propagate_log(buf)
  File "/home/airflow/.local/lib/python3.7/site-packages/airflow/utils/log/logging_mixin.py", line 137, in _propagate_log
    self.logger.log(self.level, remove_escape_codes(message))
  File "/usr/local/lib/python3.7/logging/__init__.py", line 1444, in log
    self._log(level, msg, args, **kwargs)
  File "/usr/local/lib/python3.7/logging/__init__.py", line 1514, in _log
    self.handle(record)
  File "/usr/local/lib/python3.7/logging/__init__.py", line 1524, in handle
    self.callHandlers(record)
  File "/usr/local/lib/python3.7/logging/__init__.py", line 1586, in callHandlers
    hdlr.handle(record)
  File "/usr/local/lib/python3.7/logging/__init__.py", line 894, in handle
    self.emit(record)
  File "/home/airflow/.local/lib/python3.7/site-packages/airflow/utils/log/file_task_handler.py", line 80, in emit
    self.handler.emit(record)
  File "/usr/local/lib/python3.7/logging/__init__.py", line 1127, in emit
    StreamHandler.emit(self, record)
  File "/usr/local/lib/python3.7/logging/__init__.py", line 1033, in emit
    self.handleError(record)
  File "/usr/local/lib/python3.7/logging/__init__.py", line 946, in handleError
    sys.stderr.write('--- Logging error ---\n')
  File "/home/airflow/.local/lib/python3.7/site-packages/airflow/utils/log/logging_mixin.py", line 149, in write
    self.flush()
  File "/home/airflow/.local/lib/python3.7/site-packages/airflow/utils/log/logging_mixin.py", line 156, in flush
    self._propagate_log(buf)
  File "/home/airflow/.local/lib/python3.7/site-packages/airflow/utils/log/logging_mixin.py", line 137, in _propagate_log
    self.logger.log(self.level, remove_escape_codes(message))
  File "/usr/local/lib/python3.7/logging/__init__.py", line 1444, in log
    self._log(level, msg, args, **kwargs)
  File "/usr/local/lib/python3.7/logging/__init__.py", line 1514, in _log
    self.handle(record)
  File "/usr/local/lib/python3.7/logging/__init__.py", line 1524, in handle
    self.callHandlers(record)
  File "/usr/local/lib/python3.7/logging/__init__.py", line 1586, in callHandlers
    hdlr.handle(record)
  File "/usr/local/lib/python3.7/logging/__init__.py", line 894, in handle
    self.emit(record)
  File "/home/airflow/.local/lib/python3.7/site-packages/airflow/utils/log/file_task_handler.py", line 80, in emit
    self.handler.emit(record)
  File "/usr/local/lib/python3.7/logging/__init__.py", line 1127, in emit
    StreamHandler.emit(self, record)
  File "/usr/local/lib/python3.7/logging/__init__.py", line 1033, in emit
    self.handleError(record)
  File "/usr/local/lib/python3.7/logging/__init__.py", line 946, in handleError
    sys.stderr.write('--- Logging error ---\n')
  File "/home/airflow/.local/lib/python3.7/site-packages/airflow/utils/log/logging_mixin.py", line 149, in write
    self.flush()
  File "/home/airflow/.local/lib/python3.7/site-packages/airflow/utils/log/logging_mixin.py", line 156, in flush
    self._propagate_log(buf)
  File "/home/airflow/.local/lib/python3.7/site-packages/airflow/utils/log/logging_mixin.py", line 137, in _propagate_log
    self.logger.log(self.level, remove_escape_codes(message))
  File "/usr/local/lib/python3.7/logging/__init__.py", line 1444, in log
    self._log(level, msg, args, **kwargs)
  File "/usr/local/lib/python3.7/logging/__init__.py", line 1514, in _log
    self.handle(record)
  File "/usr/local/lib/python3.7/logging/__init__.py", line 1524, in handle
    self.callHandlers(record)
  File "/usr/local/lib/python3.7/logging/__init__.py", line 1586, in callHandlers
    hdlr.handle(record)
  File "/usr/local/lib/python3.7/logging/__init__.py", line 894, in handle
    self.emit(record)
  File "/home/airflow/.local/lib/python3.7/site-packages/airflow/utils/log/file_task_handler.py", line 80, in emit
    self.handler.emit(record)
  File "/usr/local/lib/python3.7/logging/__init__.py", line 1127, in emit
    StreamHandler.emit(self, record)
  File "/usr/local/lib/python3.7/logging/__init__.py", line 1033, in emit
    self.handleError(record)
  File "/usr/local/lib/python3.7/logging/__init__.py", line 946, in handleError
    sys.stderr.write('--- Logging error ---\n')
  File "/home/airflow/.local/lib/python3.7/site-packages/airflow/utils/log/logging_mixin.py", line 149, in write
    self.flush()
  File "/home/airflow/.local/lib/python3.7/site-packages/airflow/utils/log/logging_mixin.py", line 156, in flush
    self._propagate_log(buf)
  File "/home/airflow/.local/lib/python3.7/site-packages/airflow/utils/log/logging_mixin.py", line 137, in _propagate_log
    self.logger.log(self.level, remove_escape_codes(message))
  File "/usr/local/lib/python3.7/logging/__init__.py", line 1444, in log
    self._log(level, msg, args, **kwargs)
  File "/usr/local/lib/python3.7/logging/__init__.py", line 1514, in _log
    self.handle(record)
  File "/usr/local/lib/python3.7/logging/__init__.py", line 1524, in handle
    self.callHandlers(record)
  File "/usr/local/lib/python3.7/logging/__init__.py", line 1586, in callHandlers
    hdlr.handle(record)
  File "/usr/local/lib/python3.7/logging/__init__.py", line 894, in handle
    self.emit(record)
  File "/home/airflow/.local/lib/python3.7/site-packages/airflow/utils/log/file_task_handler.py", line 80, in emit
    self.handler.emit(record)
  File "/usr/local/lib/python3.7/logging/__init__.py", line 1127, in emit
    StreamHandler.emit(self, record)
  File "/usr/local/lib/python3.7/logging/__init__.py", line 1033, in emit
    self.handleError(record)
  File "/usr/local/lib/python3.7/logging/__init__.py", line 946, in handleError
    sys.stderr.write('--- Logging error ---\n')
  File "/home/airflow/.local/lib/python3.7/site-packages/airflow/utils/log/logging_mixin.py", line 149, in write
    self.flush()
  File "/home/airflow/.local/lib/python3.7/site-packages/airflow/utils/log/logging_mixin.py", line 156, in flush
    self._propagate_log(buf)
  File "/home/airflow/.local/lib/python3.7/site-packages/airflow/utils/log/logging_mixin.py", line 137, in _propagate_log
    self.logger.log(self.level, remove_escape_codes(message))
  File "/usr/local/lib/python3.7/logging/__init__.py", line 1444, in log
    self._log(level, msg, args, **kwargs)
  File "/usr/local/lib/python3.7/logging/__init__.py", line 1514, in _log
    self.handle(record)
  File "/usr/local/lib/python3.7/logging/__init__.py", line 1524, in handle
    self.callHandlers(record)
  File "/usr/local/lib/python3.7/logging/__init__.py", line 1586, in callHandlers
    hdlr.handle(record)
  File "/usr/local/lib/python3.7/logging/__init__.py", line 894, in handle
    self.emit(record)
  File "/home/airflow/.local/lib/python3.7/site-packages/airflow/utils/log/file_task_handler.py", line 80, in emit
    self.handler.emit(record)
  File "/usr/local/lib/python3.7/logging/__init__.py", line 1127, in emit
    StreamHandler.emit(self, record)
  File "/usr/local/lib/python3.7/logging/__init__.py", line 1033, in emit
    self.handleError(record)
  File "/usr/local/lib/python3.7/logging/__init__.py", line 946, in handleError
    sys.stderr.write('--- Logging error ---\n')
  File "/home/airflow/.local/lib/python3.7/site-packages/airflow/utils/log/logging_mixin.py", line 149, in write
    self.flush()
  File "/home/airflow/.local/lib/python3.7/site-packages/airflow/utils/log/logging_mixin.py", line 156, in flush
    self._propagate_log(buf)
  File "/home/airflow/.local/lib/python3.7/site-packages/airflow/utils/log/logging_mixin.py", line 137, in _propagate_log
    self.logger.log(self.level, remove_escape_codes(message))
  File "/usr/local/lib/python3.7/logging/__init__.py", line 1444, in log
    self._log(level, msg, args, **kwargs)
  File "/usr/local/lib/python3.7/logging/__init__.py", line 1514, in _log
    self.handle(record)
  File "/usr/local/lib/python3.7/logging/__init__.py", line 1524, in handle
    self.callHandlers(record)
  File "/usr/local/lib/python3.7/logging/__init__.py", line 1586, in callHandlers
    hdlr.handle(record)
  File "/usr/local/lib/python3.7/logging/__init__.py", line 894, in handle
    self.emit(record)
  File "/home/airflow/.local/lib/python3.7/site-packages/airflow/utils/log/file_task_handler.py", line 80, in emit
    self.handler.emit(record)
  File "/usr/local/lib/python3.7/logging/__init__.py", line 1127, in emit
    StreamHandler.emit(self, record)
  File "/usr/local/lib/python3.7/logging/__init__.py", line 1033, in emit
    self.handleError(record)
  File "/usr/local/lib/python3.7/logging/__init__.py", line 946, in handleError
    sys.stderr.write('--- Logging error ---\n')
  File "/home/airflow/.local/lib/python3.7/site-packages/airflow/utils/log/logging_mixin.py", line 149, in write
    self.flush()
  File "/home/airflow/.local/lib/python3.7/site-packages/airflow/utils/log/logging_mixin.py", line 156, in flush
    self._propagate_log(buf)
  File "/home/airflow/.local/lib/python3.7/site-packages/airflow/utils/log/logging_mixin.py", line 137, in _propagate_log
    self.logger.log(self.level, remove_escape_codes(message))
  File "/usr/local/lib/python3.7/logging/__init__.py", line 1444, in log
    self._log(level, msg, args, **kwargs)
  File "/usr/local/lib/python3.7/logging/__init__.py", line 1514, in _log
    self.handle(record)
  File "/usr/local/lib/python3.7/logging/__init__.py", line 1524, in handle
    self.callHandlers(record)
  File "/usr/local/lib/python3.7/logging/__init__.py", line 1586, in callHandlers
    hdlr.handle(record)
  File "/usr/local/lib/python3.7/logging/__init__.py", line 894, in handle
    self.emit(record)
  File "/home/airflow/.local/lib/python3.7/site-packages/airflow/utils/log/file_task_handler.py", line 80, in emit
    self.handler.emit(record)
  File "/usr/local/lib/python3.7/logging/__init__.py", line 1127, in emit
    StreamHandler.emit(self, record)
  File "/usr/local/lib/python3.7/logging/__init__.py", line 1025, in emit
    msg = self.format(record)
  File "/usr/local/lib/python3.7/logging/__init__.py", line 869, in format
    return fmt.format(record)
  File "/usr/local/lib/python3.7/logging/__init__.py", line 609, in format
    if self.usesTime():
  File "/usr/local/lib/python3.7/logging/__init__.py", line 577, in usesTime
    return self._style.usesTime()
  File "/usr/local/lib/python3.7/logging/__init__.py", line 419, in usesTime
    return self._fmt.find(self.asctime_search) >= 0
RecursionError: maximum recursion depth exceeded while calling a Python object
[2025-04-04T09:30:18.780+0000] {taskinstance.py:1323} INFO - Marking task as FAILED. dag_id=download_and_store_images, task_id=download_and_upload_images, execution_date=20240112T000000, start_date=20250404T092247, end_date=20250404T093018
[2025-04-04T09:30:20.070+0000] {standard_task_runner.py:105} ERROR - Failed to execute job 770 for task download_and_upload_images (maximum recursion depth exceeded while calling a Python object; 1771)
[2025-04-04T09:30:21.277+0000] {process_utils.py:79} INFO - Process psutil.Process(pid=1771, status='terminated', exitcode=1, started='09:22:47') (1771) terminated with exit code 1
[2025-04-04T09:30:21.290+0000] {local_task_job.py:208} INFO - Task exited with return code 143
[2025-04-04T09:30:21.708+0000] {taskinstance.py:2578} INFO - 0 downstream tasks scheduled from follow-on schedule check
